[2023-01-17 21:09:22] local.ERROR: syntax error, unexpected ''/'' (T_CONSTANT_ENCAPSED_STRING) (View: /home/tuvi/domains/tuvi.tuvanweb.com/public_html/resources/views/frontend/page1.blade.php) {"userId":1,"exception":"[object] (ErrorException(code: 0): syntax error, unexpected ''/'' (T_CONSTANT_ENCAPSED_STRING) (View: /home/tuvi/domains/tuvi.tuvanweb.com/public_html/resources/views/frontend/page1.blade.php) at /home/tuvi/domains/tuvi.tuvanweb.com/public_html/storage/framework/views/804297b6fa4cdf19c821a4eec714dab3d416a80b.php:901, Symfony\\Component\\Debug\\Exception\\FatalThrowableError(code: 0): syntax error, unexpected ''/'' (T_CONSTANT_ENCAPSED_STRING) at /home/tuvi/domains/tuvi.tuvanweb.com/public_html/storage/framework/views/804297b6fa4cdf19c821a4eec714dab3d416a80b.php:901)
[stacktrace]
#0 /home/tuvi/domains/tuvi.tuvanweb.com/public_html/vendor/laravel/framework/src/Illuminate/View/Engines/PhpEngine.php(47): Illuminate\\View\\Engines\\CompilerEngine->handleViewException()
#1 /home/tuvi/domains/tuvi.tuvanweb.com/public_html/vendor/laravel/framework/src/Illuminate/View/Engines/CompilerEngine.php(59): Illuminate\\View\\Engines\\PhpEngine->evaluatePath()
#2 /home/tuvi/domains/tuvi.tuvanweb.com/public_html/vendor/laravel/framework/src/Illuminate/View/View.php(142): Illuminate\\View\\Engines\\CompilerEngine->get()
#3 /home/tuvi/domains/tuvi.tuvanweb.com/public_html/vendor/laravel/framework/src/Illuminate/View/View.php(125): Illuminate\\View\\View->getContents()
#4 /home/tuvi/domains/tuvi.tuvanweb.com/public_html/vendor/laravel/framework/src/Illuminate/View/View.php(90): Illuminate\\View\\View->renderContents()
#5 /home/tuvi/domains/tuvi.tuvanweb.com/public_html/vendor/barryvdh/laravel-dompdf/src/PDF.php(132): Illuminate\\View\\View->render()
#6 /home/tuvi/domains/tuvi.tuvanweb.com/public_html/vendor/barryvdh/laravel-dompdf/src/Facade.php(31): Barryvdh\\DomPDF\\PDF->loadView()
#7 /home/tuvi/domains/tuvi.tuvanweb.com/public_html/app/Http/Controllers/Admin/DailyController.php(276): Barryvdh\\DomPDF\\Facade::__callStatic()
#8 [internal function]: App\\Http\\Controllers\\Admin\\DailyController->store()
#9 /home/tuvi/domains/tuvi.tuvanweb.com/public_html/vendor/laravel/framework/src/Illuminate/Routing/Controller.php(54): call_user_func_array()
#10 /home/tuvi/domains/tuvi.tuvanweb.com/public_html/vendor/laravel/framework/src/Illuminate/Routing/ControllerDispatcher.php(45): Illuminate\\Routing\\Controller->callAction()
#11 /home/tuvi/domains/tuvi.tuvanweb.com/public_html/vendor/laravel/framework/src/Illuminate/Routing/Route.php(219): Illuminate\\Routing\\ControllerDispatcher->dispatch()
#12 /home/tuvi/domains/tuvi.tuvanweb.com/public_html/vendor/laravel/framework/src/Illuminate/Routing/Route.php(176): Illuminate\\Routing\\Route->runController()
#13 /home/tuvi/domains/tuvi.tuvanweb.com/public_html/vendor/laravel/framework/src/Illuminate/Routing/Router.php(680): Illuminate\\Routing\\Route->run()
#14 /home/tuvi/domains/tuvi.tuvanweb.com/public_html/vendor/laravel/framework/src/Illuminate/Routing/Pipeline.php(30): Illuminate\\Routing\\Router->Illuminate\\Routing\\{closure}()
#15 /home/tuvi/domains/tuvi.tuvanweb.com/public_html/vendor/laravel/framework/src/Illuminate/Routing/Middleware/SubstituteBindings.php(41): Illuminate\\Routing\\Pipeline->Illuminate\\Routing\\{closure}()
#16 /home/tuvi/domains/tuvi.tuvanweb.com/public_html/vendor/laravel/framework/src/Illuminate/Pipeline/Pipeline.php(163): Illuminate\\Routing\\Middleware\\SubstituteBindings->handle()
#17 /home/tuvi/domains/tuvi.tuvanweb.com/public_html/vendor/laravel/framework/src/Illuminate/Routing/Pipeline.php(53): Illuminate\\Pipeline\\Pipeline->Illuminate\\Pipeline\\{closure}()
#18 /home/tuvi/domains/tuvi.tuvanweb.com/public_html/vendor/laravel/framework/src/Illuminate/Auth/Middleware/Authenticate.php(43): Illuminate\\Routing\\Pipeline->Illuminate\\Routing\\{closure}()
#19 /home/tuvi/domains/tuvi.tuvanweb.com/public_html/vendor/laravel/framework/src/Illuminate/Pipeline/Pipeline.php(163): Illuminate\\Auth\\Middleware\\Authenticate->handle()
#20 /home/tuvi/domains/tuvi.tuvanweb.com/public_html/vendor/laravel/framework/src/Illuminate/Routing/Pipeline.php(53): Illuminate\\Pipeline\\Pipeline->Illuminate\\Pipeline\\{closure}()
#21 /home/tuvi/domains/tuvi.tuvanweb.com/public_html/vendor/laravel/framework/src/Illuminate/Foundation/Http/Middleware/VerifyCsrfToken.php(75): Illuminate\\Routing\\Pipeline->Illuminate\\Routing\\{closure}()
#22 /home/tuvi/domains/tuvi.tuvanweb.com/public_html/vendor/laravel/framework/src/Illuminate/Pipeline/Pipeline.php(163): Illuminate\\Foundation\\Http\\Middleware\\VerifyCsrfToken->handle()
#23 /home/tuvi/domains/tuvi.tuvanweb.com/public_html/vendor/laravel/framework/src/Illuminate/Routing/Pipeline.php(53): Illuminate\\Pipeline\\Pipeline->Illuminate\\Pipeline\\{closure}()
#24 /home/tuvi/domains/tuvi.tuvanweb.com/public_html/vendor/laravel/framework/src/Illuminate/View/Middleware/ShareErrorsFromSession.php(49): Illuminate\\Routing\\Pipeline->Illuminate\\Routing\\{closure}()
#25 /home/tuvi/domains/tuvi.tuvanweb.com/public_html/vendor/laravel/framework/src/Illuminate/Pipeline/Pipeline.php(163): Illuminate\\View\\Middleware\\ShareErrorsFromSession->handle()
#26 /home/tuvi/domains/tuvi.tuvanweb.com/public_html/vendor/laravel/framework/src/Illuminate/Routing/Pipeline.php(53): Illuminate\\Pipeline\\Pipeline->Illuminate\\Pipeline\\{closure}()
#27 /home/tuvi/domains/tuvi.tuvanweb.com/public_html/vendor/laravel/framework/src/Illuminate/Session/Middleware/StartSession.php(56): Illuminate\\Routing\\Pipeline->Illuminate\\Routing\\{closure}()
#28 /home/tuvi/domains/tuvi.tuvanweb.com/public_html/vendor/laravel/framework/src/Illuminate/Pipeline/Pipeline.php(163): Illuminate\\Session\\Middleware\\StartSession->handle()
#29 /home/tuvi/domains/tuvi.tuvanweb.com/public_html/vendor/laravel/framework/src/Illuminate/Routing/Pipeline.php(53): Illuminate\\Pipeline\\Pipeline->Illuminate\\Pipeline\\{closure}()
#30 /home/tuvi/domains/tuvi.tuvanweb.com/public_html/vendor/laravel/framework/src/Illuminate/Cookie/Middleware/AddQueuedCookiesToResponse.php(37): Illuminate\\Routing\\Pipeline->Illuminate\\Routing\\{closure}()
#31 /home/tuvi/domains/tuvi.tuvanweb.com/public_html/vendor/laravel/framework/src/Illuminate/Pipeline/Pipeline.php(163): Illuminate\\Cookie\\Middleware\\AddQueuedCookiesToResponse->handle()
#32 /home/tuvi/domains/tuvi.tuvanweb.com/public_html/vendor/laravel/framework/src/Illuminate/Routing/Pipeline.php(53): Illuminate\\Pipeline\\Pipeline->Illuminate\\Pipeline\\{closure}()
#33 /home/tuvi/domains/tuvi.tuvanweb.com/public_html/vendor/laravel/framework/src/Illuminate/Cookie/Middleware/EncryptCookies.php(66): Illuminate\\Routing\\Pipeline->Illuminate\\Routing\\{closure}()
#34 /home/tuvi/domains/tuvi.tuvanweb.com/public_html/vendor/laravel/framework/src/Illuminate/Pipeline/Pipeline.php(163): Illuminate\\Cookie\\Middleware\\EncryptCookies->handle()
#35 /home/tuvi/domains/tuvi.tuvanweb.com/public_html/vendor/laravel/framework/src/Illuminate/Routing/Pipeline.php(53): Illuminate\\Pipeline\\Pipeline->Illuminate\\Pipeline\\{closure}()
#36 /home/tuvi/domains/tuvi.tuvanweb.com/public_html/vendor/laravel/framework/src/Illuminate/Pipeline/Pipeline.php(104): Illuminate\\Routing\\Pipeline->Illuminate\\Routing\\{closure}()
#37 /home/tuvi/domains/tuvi.tuvanweb.com/public_html/vendor/laravel/framework/src/Illuminate/Routing/Router.php(682): Illuminate\\Pipeline\\Pipeline->then()
#38 /home/tuvi/domains/tuvi.tuvanweb.com/public_html/vendor/laravel/framework/src/Illuminate/Routing/Router.php(657): Illuminate\\Routing\\Router->runRouteWithinStack()
#39 /home/tuvi/domains/tuvi.tuvanweb.com/public_html/vendor/laravel/framework/src/Illuminate/Routing/Router.php(623): Illuminate\\Routing\\Router->runRoute()
#40 /home/tuvi/domains/tuvi.tuvanweb.com/public_html/vendor/laravel/framework/src/Illuminate/Routing/Router.php(612): Illuminate\\Routing\\Router->dispatchToRoute()
#41 /home/tuvi/domains/tuvi.tuvanweb.com/public_html/vendor/laravel/framework/src/Illuminate/Foundation/Http/Kernel.php(176): Illuminate\\Routing\\Router->dispatch()
#42 /home/tuvi/domains/tuvi.tuvanweb.com/public_html/vendor/laravel/framework/src/Illuminate/Routing/Pipeline.php(30): Illuminate\\Foundation\\Http\\Kernel->Illuminate\\Foundation\\Http\\{closure}()
#43 /home/tuvi/domains/tuvi.tuvanweb.com/public_html/vendor/proengsoft/laravel-jsvalidation/src/RemoteValidationMiddleware.php(53): Illuminate\\Routing\\Pipeline->Illuminate\\Routing\\{closure}()
#44 /home/tuvi/domains/tuvi.tuvanweb.com/public_html/vendor/laravel/framework/src/Illuminate/Pipeline/Pipeline.php(163): Proengsoft\\JsValidation\\RemoteValidationMiddleware->handle()
#45 /home/tuvi/domains/tuvi.tuvanweb.com/public_html/vendor/laravel/framework/src/Illuminate/Routing/Pipeline.php(53): Illuminate\\Pipeline\\Pipeline->Illuminate\\Pipeline\\{closure}()
#46 /home/tuvi/domains/tuvi.tuvanweb.com/public_html/vendor/laravel/framework/src/Illuminate/Foundation/Http/Middleware/TransformsRequest.php(21): Illuminate\\Routing\\Pipeline->Illuminate\\Routing\\{closure}()
#47 /home/tuvi/domains/tuvi.tuvanweb.com/public_html/vendor/laravel/framework/src/Illuminate/Pipeline/Pipeline.php(163): Illuminate\\Foundation\\Http\\Middleware\\TransformsRequest->handle()
#48 /home/tuvi/domains/tuvi.tuvanweb.com/public_html/vendor/laravel/framework/src/Illuminate/Routing/Pipeline.php(53): Illuminate\\Pipeline\\Pipeline->Illuminate\\Pipeline\\{closure}()
#49 /home/tuvi/domains/tuvi.tuvanweb.com/public_html/vendor/laravel/framework/src/Illuminate/Foundation/Http/Middleware/TransformsRequest.php(21): Illuminate\\Routing\\Pipeline->Illuminate\\Routing\\{closure}()
#50 /home/tuvi/domains/tuvi.tuvanweb.com/public_html/vendor/laravel/framework/src/Illuminate/Pipeline/Pipeline.php(163): Illuminate\\Foundation\\Http\\Middleware\\TransformsRequest->handle()
#51 /home/tuvi/domains/tuvi.tuvanweb.com/public_html/vendor/laravel/framework/src/Illuminate/Routing/Pipeline.php(53): Illuminate\\Pipeline\\Pipeline->Illuminate\\Pipeline\\{closure}()
#52 /home/tuvi/domains/tuvi.tuvanweb.com/public_html/vendor/laravel/framework/src/Illuminate/Foundation/Http/Middleware/ValidatePostSize.php(27): Illuminate\\Routing\\Pipeline->Illuminate\\Routing\\{closure}()
#53 /home/tuvi/domains/tuvi.tuvanweb.com/public_html/vendor/laravel/framework/src/Illuminate/Pipeline/Pipeline.php(163): Illuminate\\Foundation\\Http\\Middleware\\ValidatePostSize->handle()
#54 /home/tuvi/domains/tuvi.tuvanweb.com/public_html/vendor/laravel/framework/src/Illuminate/Routing/Pipeline.php(53): Illuminate\\Pipeline\\Pipeline->Illuminate\\Pipeline\\{closure}()
#55 /home/tuvi/domains/tuvi.tuvanweb.com/public_html/vendor/laravel/framework/src/Illuminate/Foundation/Http/Middleware/CheckForMaintenanceMode.php(62): Illuminate\\Routing\\Pipeline->Illuminate\\Routing\\{closure}()
#56 /home/tuvi/domains/tuvi.tuvanweb.com/public_html/vendor/laravel/framework/src/Illuminate/Pipeline/Pipeline.php(163): Illuminate\\Foundation\\Http\\Middleware\\CheckForMaintenanceMode->handle()
#57 /home/tuvi/domains/tuvi.tuvanweb.com/public_html/vendor/laravel/framework/src/Illuminate/Routing/Pipeline.php(53): Illuminate\\Pipeline\\Pipeline->Illuminate\\Pipeline\\{closure}()
#58 /home/tuvi/domains/tuvi.tuvanweb.com/public_html/vendor/fideloper/proxy/src/TrustProxies.php(57): Illuminate\\Routing\\Pipeline->Illuminate\\Routing\\{closure}()
#59 /home/tuvi/domains/tuvi.tuvanweb.com/public_html/vendor/laravel/framework/src/Illuminate/Pipeline/Pipeline.php(163): Fideloper\\Proxy\\TrustProxies->handle()
#60 /home/tuvi/domains/tuvi.tuvanweb.com/public_html/vendor/laravel/framework/src/Illuminate/Routing/Pipeline.php(53): Illuminate\\Pipeline\\Pipeline->Illuminate\\Pipeline\\{closure}()
#61 /home/tuvi/domains/tuvi.tuvanweb.com/public_html/vendor/laravel/framework/src/Illuminate/Pipeline/Pipeline.php(104): Illuminate\\Routing\\Pipeline->Illuminate\\Routing\\{closure}()
#62 /home/tuvi/domains/tuvi.tuvanweb.com/public_html/vendor/laravel/framework/src/Illuminate/Foundation/Http/Kernel.php(151): Illuminate\\Pipeline\\Pipeline->then()
#63 /home/tuvi/domains/tuvi.tuvanweb.com/public_html/vendor/laravel/framework/src/Illuminate/Foundation/Http/Kernel.php(116): Illuminate\\Foundation\\Http\\Kernel->sendRequestThroughRouter()
#64 /home/tuvi/domains/tuvi.tuvanweb.com/public_html/public/index.php(55): Illuminate\\Foundation\\Http\\Kernel->handle()
#65 /home/tuvi/domains/tuvi.tuvanweb.com/public_html/index.php(21): require_once('/home/tuvi/doma...')
#66 {main}
"} 
[2023-01-17 21:09:31] local.ERROR: syntax error, unexpected ''/'' (T_CONSTANT_ENCAPSED_STRING) (View: /home/tuvi/domains/tuvi.tuvanweb.com/public_html/resources/views/frontend/page1.blade.php) {"userId":1,"exception":"[object] (ErrorException(code: 0): syntax error, unexpected ''/'' (T_CONSTANT_ENCAPSED_STRING) (View: /home/tuvi/domains/tuvi.tuvanweb.com/public_html/resources/views/frontend/page1.blade.php) at /home/tuvi/domains/tuvi.tuvanweb.com/public_html/storage/framework/views/804297b6fa4cdf19c821a4eec714dab3d416a80b.php:901, Symfony\\Component\\Debug\\Exception\\FatalThrowableError(code: 0): syntax error, unexpected ''/'' (T_CONSTANT_ENCAPSED_STRING) at /home/tuvi/domains/tuvi.tuvanweb.com/public_html/storage/framework/views/804297b6fa4cdf19c821a4eec714dab3d416a80b.php:901)
[stacktrace]
#0 /home/tuvi/domains/tuvi.tuvanweb.com/public_html/vendor/laravel/framework/src/Illuminate/View/Engines/PhpEngine.php(47): Illuminate\\View\\Engines\\CompilerEngine->handleViewException()
#1 /home/tuvi/domains/tuvi.tuvanweb.com/public_html/vendor/laravel/framework/src/Illuminate/View/Engines/CompilerEngine.php(59): Illuminate\\View\\Engines\\PhpEngine->evaluatePath()
#2 /home/tuvi/domains/tuvi.tuvanweb.com/public_html/vendor/laravel/framework/src/Illuminate/View/View.php(142): Illuminate\\View\\Engines\\CompilerEngine->get()
#3 /home/tuvi/domains/tuvi.tuvanweb.com/public_html/vendor/laravel/framework/src/Illuminate/View/View.php(125): Illuminate\\View\\View->getContents()
#4 /home/tuvi/domains/tuvi.tuvanweb.com/public_html/vendor/laravel/framework/src/Illuminate/View/View.php(90): Illuminate\\View\\View->renderContents()
#5 /home/tuvi/domains/tuvi.tuvanweb.com/public_html/vendor/barryvdh/laravel-dompdf/src/PDF.php(132): Illuminate\\View\\View->render()
#6 /home/tuvi/domains/tuvi.tuvanweb.com/public_html/vendor/barryvdh/laravel-dompdf/src/Facade.php(31): Barryvdh\\DomPDF\\PDF->loadView()
#7 /home/tuvi/domains/tuvi.tuvanweb.com/public_html/app/Http/Controllers/Admin/DailyController.php(276): Barryvdh\\DomPDF\\Facade::__callStatic()
#8 [internal function]: App\\Http\\Controllers\\Admin\\DailyController->store()
#9 /home/tuvi/domains/tuvi.tuvanweb.com/public_html/vendor/laravel/framework/src/Illuminate/Routing/Controller.php(54): call_user_func_array()
#10 /home/tuvi/domains/tuvi.tuvanweb.com/public_html/vendor/laravel/framework/src/Illuminate/Routing/ControllerDispatcher.php(45): Illuminate\\Routing\\Controller->callAction()
#11 /home/tuvi/domains/tuvi.tuvanweb.com/public_html/vendor/laravel/framework/src/Illuminate/Routing/Route.php(219): Illuminate\\Routing\\ControllerDispatcher->dispatch()
#12 /home/tuvi/domains/tuvi.tuvanweb.com/public_html/vendor/laravel/framework/src/Illuminate/Routing/Route.php(176): Illuminate\\Routing\\Route->runController()
#13 /home/tuvi/domains/tuvi.tuvanweb.com/public_html/vendor/laravel/framework/src/Illuminate/Routing/Router.php(680): Illuminate\\Routing\\Route->run()
#14 /home/tuvi/domains/tuvi.tuvanweb.com/public_html/vendor/laravel/framework/src/Illuminate/Routing/Pipeline.php(30): Illuminate\\Routing\\Router->Illuminate\\Routing\\{closure}()
#15 /home/tuvi/domains/tuvi.tuvanweb.com/public_html/vendor/laravel/framework/src/Illuminate/Routing/Middleware/SubstituteBindings.php(41): Illuminate\\Routing\\Pipeline->Illuminate\\Routing\\{closure}()
#16 /home/tuvi/domains/tuvi.tuvanweb.com/public_html/vendor/laravel/framework/src/Illuminate/Pipeline/Pipeline.php(163): Illuminate\\Routing\\Middleware\\SubstituteBindings->handle()
#17 /home/tuvi/domains/tuvi.tuvanweb.com/public_html/vendor/laravel/framework/src/Illuminate/Routing/Pipeline.php(53): Illuminate\\Pipeline\\Pipeline->Illuminate\\Pipeline\\{closure}()
#18 /home/tuvi/domains/tuvi.tuvanweb.com/public_html/vendor/laravel/framework/src/Illuminate/Auth/Middleware/Authenticate.php(43): Illuminate\\Routing\\Pipeline->Illuminate\\Routing\\{closure}()
#19 /home/tuvi/domains/tuvi.tuvanweb.com/public_html/vendor/laravel/framework/src/Illuminate/Pipeline/Pipeline.php(163): Illuminate\\Auth\\Middleware\\Authenticate->handle()
#20 /home/tuvi/domains/tuvi.tuvanweb.com/public_html/vendor/laravel/framework/src/Illuminate/Routing/Pipeline.php(53): Illuminate\\Pipeline\\Pipeline->Illuminate\\Pipeline\\{closure}()
#21 /home/tuvi/domains/tuvi.tuvanweb.com/public_html/vendor/laravel/framework/src/Illuminate/Foundation/Http/Middleware/VerifyCsrfToken.php(75): Illuminate\\Routing\\Pipeline->Illuminate\\Routing\\{closure}()
#22 /home/tuvi/domains/tuvi.tuvanweb.com/public_html/vendor/laravel/framework/src/Illuminate/Pipeline/Pipeline.php(163): Illuminate\\Foundation\\Http\\Middleware\\VerifyCsrfToken->handle()
#23 /home/tuvi/domains/tuvi.tuvanweb.com/public_html/vendor/laravel/framework/src/Illuminate/Routing/Pipeline.php(53): Illuminate\\Pipeline\\Pipeline->Illuminate\\Pipeline\\{closure}()
#24 /home/tuvi/domains/tuvi.tuvanweb.com/public_html/vendor/laravel/framework/src/Illuminate/View/Middleware/ShareErrorsFromSession.php(49): Illuminate\\Routing\\Pipeline->Illuminate\\Routing\\{closure}()
#25 /home/tuvi/domains/tuvi.tuvanweb.com/public_html/vendor/laravel/framework/src/Illuminate/Pipeline/Pipeline.php(163): Illuminate\\View\\Middleware\\ShareErrorsFromSession->handle()
#26 /home/tuvi/domains/tuvi.tuvanweb.com/public_html/vendor/laravel/framework/src/Illuminate/Routing/Pipeline.php(53): Illuminate\\Pipeline\\Pipeline->Illuminate\\Pipeline\\{closure}()
#27 /home/tuvi/domains/tuvi.tuvanweb.com/public_html/vendor/laravel/framework/src/Illuminate/Session/Middleware/StartSession.php(56): Illuminate\\Routing\\Pipeline->Illuminate\\Routing\\{closure}()
#28 /home/tuvi/domains/tuvi.tuvanweb.com/public_html/vendor/laravel/framework/src/Illuminate/Pipeline/Pipeline.php(163): Illuminate\\Session\\Middleware\\StartSession->handle()
#29 /home/tuvi/domains/tuvi.tuvanweb.com/public_html/vendor/laravel/framework/src/Illuminate/Routing/Pipeline.php(53): Illuminate\\Pipeline\\Pipeline->Illuminate\\Pipeline\\{closure}()
#30 /home/tuvi/domains/tuvi.tuvanweb.com/public_html/vendor/laravel/framework/src/Illuminate/Cookie/Middleware/AddQueuedCookiesToResponse.php(37): Illuminate\\Routing\\Pipeline->Illuminate\\Routing\\{closure}()
#31 /home/tuvi/domains/tuvi.tuvanweb.com/public_html/vendor/laravel/framework/src/Illuminate/Pipeline/Pipeline.php(163): Illuminate\\Cookie\\Middleware\\AddQueuedCookiesToResponse->handle()
#32 /home/tuvi/domains/tuvi.tuvanweb.com/public_html/vendor/laravel/framework/src/Illuminate/Routing/Pipeline.php(53): Illuminate\\Pipeline\\Pipeline->Illuminate\\Pipeline\\{closure}()
#33 /home/tuvi/domains/tuvi.tuvanweb.com/public_html/vendor/laravel/framework/src/Illuminate/Cookie/Middleware/EncryptCookies.php(66): Illuminate\\Routing\\Pipeline->Illuminate\\Routing\\{closure}()
#34 /home/tuvi/domains/tuvi.tuvanweb.com/public_html/vendor/laravel/framework/src/Illuminate/Pipeline/Pipeline.php(163): Illuminate\\Cookie\\Middleware\\EncryptCookies->handle()
#35 /home/tuvi/domains/tuvi.tuvanweb.com/public_html/vendor/laravel/framework/src/Illuminate/Routing/Pipeline.php(53): Illuminate\\Pipeline\\Pipeline->Illuminate\\Pipeline\\{closure}()
#36 /home/tuvi/domains/tuvi.tuvanweb.com/public_html/vendor/laravel/framework/src/Illuminate/Pipeline/Pipeline.php(104): Illuminate\\Routing\\Pipeline->Illuminate\\Routing\\{closure}()
#37 /home/tuvi/domains/tuvi.tuvanweb.com/public_html/vendor/laravel/framework/src/Illuminate/Routing/Router.php(682): Illuminate\\Pipeline\\Pipeline->then()
#38 /home/tuvi/domains/tuvi.tuvanweb.com/public_html/vendor/laravel/framework/src/Illuminate/Routing/Router.php(657): Illuminate\\Routing\\Router->runRouteWithinStack()
#39 /home/tuvi/domains/tuvi.tuvanweb.com/public_html/vendor/laravel/framework/src/Illuminate/Routing/Router.php(623): Illuminate\\Routing\\Router->runRoute()
#40 /home/tuvi/domains/tuvi.tuvanweb.com/public_html/vendor/laravel/framework/src/Illuminate/Routing/Router.php(612): Illuminate\\Routing\\Router->dispatchToRoute()
#41 /home/tuvi/domains/tuvi.tuvanweb.com/public_html/vendor/laravel/framework/src/Illuminate/Foundation/Http/Kernel.php(176): Illuminate\\Routing\\Router->dispatch()
#42 /home/tuvi/domains/tuvi.tuvanweb.com/public_html/vendor/laravel/framework/src/Illuminate/Routing/Pipeline.php(30): Illuminate\\Foundation\\Http\\Kernel->Illuminate\\Foundation\\Http\\{closure}()
#43 /home/tuvi/domains/tuvi.tuvanweb.com/public_html/vendor/proengsoft/laravel-jsvalidation/src/RemoteValidationMiddleware.php(53): Illuminate\\Routing\\Pipeline->Illuminate\\Routing\\{closure}()
#44 /home/tuvi/domains/tuvi.tuvanweb.com/public_html/vendor/laravel/framework/src/Illuminate/Pipeline/Pipeline.php(163): Proengsoft\\JsValidation\\RemoteValidationMiddleware->handle()
#45 /home/tuvi/domains/tuvi.tuvanweb.com/public_html/vendor/laravel/framework/src/Illuminate/Routing/Pipeline.php(53): Illuminate\\Pipeline\\Pipeline->Illuminate\\Pipeline\\{closure}()
#46 /home/tuvi/domains/tuvi.tuvanweb.com/public_html/vendor/laravel/framework/src/Illuminate/Foundation/Http/Middleware/TransformsRequest.php(21): Illuminate\\Routing\\Pipeline->Illuminate\\Routing\\{closure}()
#47 /home/tuvi/domains/tuvi.tuvanweb.com/public_html/vendor/laravel/framework/src/Illuminate/Pipeline/Pipeline.php(163): Illuminate\\Foundation\\Http\\Middleware\\TransformsRequest->handle()
#48 /home/tuvi/domains/tuvi.tuvanweb.com/public_html/vendor/laravel/framework/src/Illuminate/Routing/Pipeline.php(53): Illuminate\\Pipeline\\Pipeline->Illuminate\\Pipeline\\{closure}()
#49 /home/tuvi/domains/tuvi.tuvanweb.com/public_html/vendor/laravel/framework/src/Illuminate/Foundation/Http/Middleware/TransformsRequest.php(21): Illuminate\\Routing\\Pipeline->Illuminate\\Routing\\{closure}()
#50 /home/tuvi/domains/tuvi.tuvanweb.com/public_html/vendor/laravel/framework/src/Illuminate/Pipeline/Pipeline.php(163): Illuminate\\Foundation\\Http\\Middleware\\TransformsRequest->handle()
#51 /home/tuvi/domains/tuvi.tuvanweb.com/public_html/vendor/laravel/framework/src/Illuminate/Routing/Pipeline.php(53): Illuminate\\Pipeline\\Pipeline->Illuminate\\Pipeline\\{closure}()
#52 /home/tuvi/domains/tuvi.tuvanweb.com/public_html/vendor/laravel/framework/src/Illuminate/Foundation/Http/Middleware/ValidatePostSize.php(27): Illuminate\\Routing\\Pipeline->Illuminate\\Routing\\{closure}()
#53 /home/tuvi/domains/tuvi.tuvanweb.com/public_html/vendor/laravel/framework/src/Illuminate/Pipeline/Pipeline.php(163): Illuminate\\Foundation\\Http\\Middleware\\ValidatePostSize->handle()
#54 /home/tuvi/domains/tuvi.tuvanweb.com/public_html/vendor/laravel/framework/src/Illuminate/Routing/Pipeline.php(53): Illuminate\\Pipeline\\Pipeline->Illuminate\\Pipeline\\{closure}()
#55 /home/tuvi/domains/tuvi.tuvanweb.com/public_html/vendor/laravel/framework/src/Illuminate/Foundation/Http/Middleware/CheckForMaintenanceMode.php(62): Illuminate\\Routing\\Pipeline->Illuminate\\Routing\\{closure}()
#56 /home/tuvi/domains/tuvi.tuvanweb.com/public_html/vendor/laravel/framework/src/Illuminate/Pipeline/Pipeline.php(163): Illuminate\\Foundation\\Http\\Middleware\\CheckForMaintenanceMode->handle()
#57 /home/tuvi/domains/tuvi.tuvanweb.com/public_html/vendor/laravel/framework/src/Illuminate/Routing/Pipeline.php(53): Illuminate\\Pipeline\\Pipeline->Illuminate\\Pipeline\\{closure}()
#58 /home/tuvi/domains/tuvi.tuvanweb.com/public_html/vendor/fideloper/proxy/src/TrustProxies.php(57): Illuminate\\Routing\\Pipeline->Illuminate\\Routing\\{closure}()
#59 /home/tuvi/domains/tuvi.tuvanweb.com/public_html/vendor/laravel/framework/src/Illuminate/Pipeline/Pipeline.php(163): Fideloper\\Proxy\\TrustProxies->handle()
#60 /home/tuvi/domains/tuvi.tuvanweb.com/public_html/vendor/laravel/framework/src/Illuminate/Routing/Pipeline.php(53): Illuminate\\Pipeline\\Pipeline->Illuminate\\Pipeline\\{closure}()
#61 /home/tuvi/domains/tuvi.tuvanweb.com/public_html/vendor/laravel/framework/src/Illuminate/Pipeline/Pipeline.php(104): Illuminate\\Routing\\Pipeline->Illuminate\\Routing\\{closure}()
#62 /home/tuvi/domains/tuvi.tuvanweb.com/public_html/vendor/laravel/framework/src/Illuminate/Foundation/Http/Kernel.php(151): Illuminate\\Pipeline\\Pipeline->then()
#63 /home/tuvi/domains/tuvi.tuvanweb.com/public_html/vendor/laravel/framework/src/Illuminate/Foundation/Http/Kernel.php(116): Illuminate\\Foundation\\Http\\Kernel->sendRequestThroughRouter()
#64 /home/tuvi/domains/tuvi.tuvanweb.com/public_html/public/index.php(55): Illuminate\\Foundation\\Http\\Kernel->handle()
#65 /home/tuvi/domains/tuvi.tuvanweb.com/public_html/index.php(21): require_once('/home/tuvi/doma...')
#66 {main}
"} 
[2023-01-17 21:09:39] local.ERROR: syntax error, unexpected ''/'' (T_CONSTANT_ENCAPSED_STRING) (View: /home/tuvi/domains/tuvi.tuvanweb.com/public_html/resources/views/frontend/page1.blade.php) {"userId":1,"exception":"[object] (ErrorException(code: 0): syntax error, unexpected ''/'' (T_CONSTANT_ENCAPSED_STRING) (View: /home/tuvi/domains/tuvi.tuvanweb.com/public_html/resources/views/frontend/page1.blade.php) at /home/tuvi/domains/tuvi.tuvanweb.com/public_html/storage/framework/views/804297b6fa4cdf19c821a4eec714dab3d416a80b.php:901, Symfony\\Component\\Debug\\Exception\\FatalThrowableError(code: 0): syntax error, unexpected ''/'' (T_CONSTANT_ENCAPSED_STRING) at /home/tuvi/domains/tuvi.tuvanweb.com/public_html/storage/framework/views/804297b6fa4cdf19c821a4eec714dab3d416a80b.php:901)
[stacktrace]
#0 /home/tuvi/domains/tuvi.tuvanweb.com/public_html/vendor/laravel/framework/src/Illuminate/View/Engines/PhpEngine.php(47): Illuminate\\View\\Engines\\CompilerEngine->handleViewException()
#1 /home/tuvi/domains/tuvi.tuvanweb.com/public_html/vendor/laravel/framework/src/Illuminate/View/Engines/CompilerEngine.php(59): Illuminate\\View\\Engines\\PhpEngine->evaluatePath()
#2 /home/tuvi/domains/tuvi.tuvanweb.com/public_html/vendor/laravel/framework/src/Illuminate/View/View.php(142): Illuminate\\View\\Engines\\CompilerEngine->get()
#3 /home/tuvi/domains/tuvi.tuvanweb.com/public_html/vendor/laravel/framework/src/Illuminate/View/View.php(125): Illuminate\\View\\View->getContents()
#4 /home/tuvi/domains/tuvi.tuvanweb.com/public_html/vendor/laravel/framework/src/Illuminate/View/View.php(90): Illuminate\\View\\View->renderContents()
#5 /home/tuvi/domains/tuvi.tuvanweb.com/public_html/vendor/barryvdh/laravel-dompdf/src/PDF.php(132): Illuminate\\View\\View->render()
#6 /home/tuvi/domains/tuvi.tuvanweb.com/public_html/vendor/barryvdh/laravel-dompdf/src/Facade.php(31): Barryvdh\\DomPDF\\PDF->loadView()
#7 /home/tuvi/domains/tuvi.tuvanweb.com/public_html/app/Http/Controllers/Admin/DailyController.php(276): Barryvdh\\DomPDF\\Facade::__callStatic()
#8 [internal function]: App\\Http\\Controllers\\Admin\\DailyController->store()
#9 /home/tuvi/domains/tuvi.tuvanweb.com/public_html/vendor/laravel/framework/src/Illuminate/Routing/Controller.php(54): call_user_func_array()
#10 /home/tuvi/domains/tuvi.tuvanweb.com/public_html/vendor/laravel/framework/src/Illuminate/Routing/ControllerDispatcher.php(45): Illuminate\\Routing\\Controller->callAction()
#11 /home/tuvi/domains/tuvi.tuvanweb.com/public_html/vendor/laravel/framework/src/Illuminate/Routing/Route.php(219): Illuminate\\Routing\\ControllerDispatcher->dispatch()
#12 /home/tuvi/domains/tuvi.tuvanweb.com/public_html/vendor/laravel/framework/src/Illuminate/Routing/Route.php(176): Illuminate\\Routing\\Route->runController()
#13 /home/tuvi/domains/tuvi.tuvanweb.com/public_html/vendor/laravel/framework/src/Illuminate/Routing/Router.php(680): Illuminate\\Routing\\Route->run()
#14 /home/tuvi/domains/tuvi.tuvanweb.com/public_html/vendor/laravel/framework/src/Illuminate/Routing/Pipeline.php(30): Illuminate\\Routing\\Router->Illuminate\\Routing\\{closure}()
#15 /home/tuvi/domains/tuvi.tuvanweb.com/public_html/vendor/laravel/framework/src/Illuminate/Routing/Middleware/SubstituteBindings.php(41): Illuminate\\Routing\\Pipeline->Illuminate\\Routing\\{closure}()
#16 /home/tuvi/domains/tuvi.tuvanweb.com/public_html/vendor/laravel/framework/src/Illuminate/Pipeline/Pipeline.php(163): Illuminate\\Routing\\Middleware\\SubstituteBindings->handle()
#17 /home/tuvi/domains/tuvi.tuvanweb.com/public_html/vendor/laravel/framework/src/Illuminate/Routing/Pipeline.php(53): Illuminate\\Pipeline\\Pipeline->Illuminate\\Pipeline\\{closure}()
#18 /home/tuvi/domains/tuvi.tuvanweb.com/public_html/vendor/laravel/framework/src/Illuminate/Auth/Middleware/Authenticate.php(43): Illuminate\\Routing\\Pipeline->Illuminate\\Routing\\{closure}()
#19 /home/tuvi/domains/tuvi.tuvanweb.com/public_html/vendor/laravel/framework/src/Illuminate/Pipeline/Pipeline.php(163): Illuminate\\Auth\\Middleware\\Authenticate->handle()
#20 /home/tuvi/domains/tuvi.tuvanweb.com/public_html/vendor/laravel/framework/src/Illuminate/Routing/Pipeline.php(53): Illuminate\\Pipeline\\Pipeline->Illuminate\\Pipeline\\{closure}()
#21 /home/tuvi/domains/tuvi.tuvanweb.com/public_html/vendor/laravel/framework/src/Illuminate/Foundation/Http/Middleware/VerifyCsrfToken.php(75): Illuminate\\Routing\\Pipeline->Illuminate\\Routing\\{closure}()
#22 /home/tuvi/domains/tuvi.tuvanweb.com/public_html/vendor/laravel/framework/src/Illuminate/Pipeline/Pipeline.php(163): Illuminate\\Foundation\\Http\\Middleware\\VerifyCsrfToken->handle()
#23 /home/tuvi/domains/tuvi.tuvanweb.com/public_html/vendor/laravel/framework/src/Illuminate/Routing/Pipeline.php(53): Illuminate\\Pipeline\\Pipeline->Illuminate\\Pipeline\\{closure}()
#24 /home/tuvi/domains/tuvi.tuvanweb.com/public_html/vendor/laravel/framework/src/Illuminate/View/Middleware/ShareErrorsFromSession.php(49): Illuminate\\Routing\\Pipeline->Illuminate\\Routing\\{closure}()
#25 /home/tuvi/domains/tuvi.tuvanweb.com/public_html/vendor/laravel/framework/src/Illuminate/Pipeline/Pipeline.php(163): Illuminate\\View\\Middleware\\ShareErrorsFromSession->handle()
#26 /home/tuvi/domains/tuvi.tuvanweb.com/public_html/vendor/laravel/framework/src/Illuminate/Routing/Pipeline.php(53): Illuminate\\Pipeline\\Pipeline->Illuminate\\Pipeline\\{closure}()
#27 /home/tuvi/domains/tuvi.tuvanweb.com/public_html/vendor/laravel/framework/src/Illuminate/Session/Middleware/StartSession.php(56): Illuminate\\Routing\\Pipeline->Illuminate\\Routing\\{closure}()
#28 /home/tuvi/domains/tuvi.tuvanweb.com/public_html/vendor/laravel/framework/src/Illuminate/Pipeline/Pipeline.php(163): Illuminate\\Session\\Middleware\\StartSession->handle()
#29 /home/tuvi/domains/tuvi.tuvanweb.com/public_html/vendor/laravel/framework/src/Illuminate/Routing/Pipeline.php(53): Illuminate\\Pipeline\\Pipeline->Illuminate\\Pipeline\\{closure}()
#30 /home/tuvi/domains/tuvi.tuvanweb.com/public_html/vendor/laravel/framework/src/Illuminate/Cookie/Middleware/AddQueuedCookiesToResponse.php(37): Illuminate\\Routing\\Pipeline->Illuminate\\Routing\\{closure}()
#31 /home/tuvi/domains/tuvi.tuvanweb.com/public_html/vendor/laravel/framework/src/Illuminate/Pipeline/Pipeline.php(163): Illuminate\\Cookie\\Middleware\\AddQueuedCookiesToResponse->handle()
#32 /home/tuvi/domains/tuvi.tuvanweb.com/public_html/vendor/laravel/framework/src/Illuminate/Routing/Pipeline.php(53): Illuminate\\Pipeline\\Pipeline->Illuminate\\Pipeline\\{closure}()
#33 /home/tuvi/domains/tuvi.tuvanweb.com/public_html/vendor/laravel/framework/src/Illuminate/Cookie/Middleware/EncryptCookies.php(66): Illuminate\\Routing\\Pipeline->Illuminate\\Routing\\{closure}()
#34 /home/tuvi/domains/tuvi.tuvanweb.com/public_html/vendor/laravel/framework/src/Illuminate/Pipeline/Pipeline.php(163): Illuminate\\Cookie\\Middleware\\EncryptCookies->handle()
#35 /home/tuvi/domains/tuvi.tuvanweb.com/public_html/vendor/laravel/framework/src/Illuminate/Routing/Pipeline.php(53): Illuminate\\Pipeline\\Pipeline->Illuminate\\Pipeline\\{closure}()
#36 /home/tuvi/domains/tuvi.tuvanweb.com/public_html/vendor/laravel/framework/src/Illuminate/Pipeline/Pipeline.php(104): Illuminate\\Routing\\Pipeline->Illuminate\\Routing\\{closure}()
#37 /home/tuvi/domains/tuvi.tuvanweb.com/public_html/vendor/laravel/framework/src/Illuminate/Routing/Router.php(682): Illuminate\\Pipeline\\Pipeline->then()
#38 /home/tuvi/domains/tuvi.tuvanweb.com/public_html/vendor/laravel/framework/src/Illuminate/Routing/Router.php(657): Illuminate\\Routing\\Router->runRouteWithinStack()
#39 /home/tuvi/domains/tuvi.tuvanweb.com/public_html/vendor/laravel/framework/src/Illuminate/Routing/Router.php(623): Illuminate\\Routing\\Router->runRoute()
#40 /home/tuvi/domains/tuvi.tuvanweb.com/public_html/vendor/laravel/framework/src/Illuminate/Routing/Router.php(612): Illuminate\\Routing\\Router->dispatchToRoute()
#41 /home/tuvi/domains/tuvi.tuvanweb.com/public_html/vendor/laravel/framework/src/Illuminate/Foundation/Http/Kernel.php(176): Illuminate\\Routing\\Router->dispatch()
#42 /home/tuvi/domains/tuvi.tuvanweb.com/public_html/vendor/laravel/framework/src/Illuminate/Routing/Pipeline.php(30): Illuminate\\Foundation\\Http\\Kernel->Illuminate\\Foundation\\Http\\{closure}()
#43 /home/tuvi/domains/tuvi.tuvanweb.com/public_html/vendor/proengsoft/laravel-jsvalidation/src/RemoteValidationMiddleware.php(53): Illuminate\\Routing\\Pipeline->Illuminate\\Routing\\{closure}()
#44 /home/tuvi/domains/tuvi.tuvanweb.com/public_html/vendor/laravel/framework/src/Illuminate/Pipeline/Pipeline.php(163): Proengsoft\\JsValidation\\RemoteValidationMiddleware->handle()
#45 /home/tuvi/domains/tuvi.tuvanweb.com/public_html/vendor/laravel/framework/src/Illuminate/Routing/Pipeline.php(53): Illuminate\\Pipeline\\Pipeline->Illuminate\\Pipeline\\{closure}()
#46 /home/tuvi/domains/tuvi.tuvanweb.com/public_html/vendor/laravel/framework/src/Illuminate/Foundation/Http/Middleware/TransformsRequest.php(21): Illuminate\\Routing\\Pipeline->Illuminate\\Routing\\{closure}()
#47 /home/tuvi/domains/tuvi.tuvanweb.com/public_html/vendor/laravel/framework/src/Illuminate/Pipeline/Pipeline.php(163): Illuminate\\Foundation\\Http\\Middleware\\TransformsRequest->handle()
#48 /home/tuvi/domains/tuvi.tuvanweb.com/public_html/vendor/laravel/framework/src/Illuminate/Routing/Pipeline.php(53): Illuminate\\Pipeline\\Pipeline->Illuminate\\Pipeline\\{closure}()
#49 /home/tuvi/domains/tuvi.tuvanweb.com/public_html/vendor/laravel/framework/src/Illuminate/Foundation/Http/Middleware/TransformsRequest.php(21): Illuminate\\Routing\\Pipeline->Illuminate\\Routing\\{closure}()
#50 /home/tuvi/domains/tuvi.tuvanweb.com/public_html/vendor/laravel/framework/src/Illuminate/Pipeline/Pipeline.php(163): Illuminate\\Foundation\\Http\\Middleware\\TransformsRequest->handle()
#51 /home/tuvi/domains/tuvi.tuvanweb.com/public_html/vendor/laravel/framework/src/Illuminate/Routing/Pipeline.php(53): Illuminate\\Pipeline\\Pipeline->Illuminate\\Pipeline\\{closure}()
#52 /home/tuvi/domains/tuvi.tuvanweb.com/public_html/vendor/laravel/framework/src/Illuminate/Foundation/Http/Middleware/ValidatePostSize.php(27): Illuminate\\Routing\\Pipeline->Illuminate\\Routing\\{closure}()
#53 /home/tuvi/domains/tuvi.tuvanweb.com/public_html/vendor/laravel/framework/src/Illuminate/Pipeline/Pipeline.php(163): Illuminate\\Foundation\\Http\\Middleware\\ValidatePostSize->handle()
#54 /home/tuvi/domains/tuvi.tuvanweb.com/public_html/vendor/laravel/framework/src/Illuminate/Routing/Pipeline.php(53): Illuminate\\Pipeline\\Pipeline->Illuminate\\Pipeline\\{closure}()
#55 /home/tuvi/domains/tuvi.tuvanweb.com/public_html/vendor/laravel/framework/src/Illuminate/Foundation/Http/Middleware/CheckForMaintenanceMode.php(62): Illuminate\\Routing\\Pipeline->Illuminate\\Routing\\{closure}()
#56 /home/tuvi/domains/tuvi.tuvanweb.com/public_html/vendor/laravel/framework/src/Illuminate/Pipeline/Pipeline.php(163): Illuminate\\Foundation\\Http\\Middleware\\CheckForMaintenanceMode->handle()
#57 /home/tuvi/domains/tuvi.tuvanweb.com/public_html/vendor/laravel/framework/src/Illuminate/Routing/Pipeline.php(53): Illuminate\\Pipeline\\Pipeline->Illuminate\\Pipeline\\{closure}()
#58 /home/tuvi/domains/tuvi.tuvanweb.com/public_html/vendor/fideloper/proxy/src/TrustProxies.php(57): Illuminate\\Routing\\Pipeline->Illuminate\\Routing\\{closure}()
#59 /home/tuvi/domains/tuvi.tuvanweb.com/public_html/vendor/laravel/framework/src/Illuminate/Pipeline/Pipeline.php(163): Fideloper\\Proxy\\TrustProxies->handle()
#60 /home/tuvi/domains/tuvi.tuvanweb.com/public_html/vendor/laravel/framework/src/Illuminate/Routing/Pipeline.php(53): Illuminate\\Pipeline\\Pipeline->Illuminate\\Pipeline\\{closure}()
#61 /home/tuvi/domains/tuvi.tuvanweb.com/public_html/vendor/laravel/framework/src/Illuminate/Pipeline/Pipeline.php(104): Illuminate\\Routing\\Pipeline->Illuminate\\Routing\\{closure}()
#62 /home/tuvi/domains/tuvi.tuvanweb.com/public_html/vendor/laravel/framework/src/Illuminate/Foundation/Http/Kernel.php(151): Illuminate\\Pipeline\\Pipeline->then()
#63 /home/tuvi/domains/tuvi.tuvanweb.com/public_html/vendor/laravel/framework/src/Illuminate/Foundation/Http/Kernel.php(116): Illuminate\\Foundation\\Http\\Kernel->sendRequestThroughRouter()
#64 /home/tuvi/domains/tuvi.tuvanweb.com/public_html/public/index.php(55): Illuminate\\Foundation\\Http\\Kernel->handle()
#65 /home/tuvi/domains/tuvi.tuvanweb.com/public_html/index.php(21): require_once('/home/tuvi/doma...')
#66 {main}
"} 
[2023-01-17 21:09:55] local.ERROR: Undefined index: thangcanhantiep (View: /home/tuvi/domains/tuvi.tuvanweb.com/public_html/resources/views/frontend/page1.blade.php) {"userId":1,"exception":"[object] (ErrorException(code: 0): Undefined index: thangcanhantiep (View: /home/tuvi/domains/tuvi.tuvanweb.com/public_html/resources/views/frontend/page1.blade.php) at /home/tuvi/domains/tuvi.tuvanweb.com/public_html/storage/framework/views/804297b6fa4cdf19c821a4eec714dab3d416a80b.php:901, ErrorException(code: 0): Undefined index: thangcanhantiep at /home/tuvi/domains/tuvi.tuvanweb.com/public_html/storage/framework/views/804297b6fa4cdf19c821a4eec714dab3d416a80b.php:901)
[stacktrace]
#0 /home/tuvi/domains/tuvi.tuvanweb.com/public_html/vendor/laravel/framework/src/Illuminate/View/Engines/PhpEngine.php(45): Illuminate\\View\\Engines\\CompilerEngine->handleViewException()
#1 /home/tuvi/domains/tuvi.tuvanweb.com/public_html/vendor/laravel/framework/src/Illuminate/View/Engines/CompilerEngine.php(59): Illuminate\\View\\Engines\\PhpEngine->evaluatePath()
#2 /home/tuvi/domains/tuvi.tuvanweb.com/public_html/vendor/laravel/framework/src/Illuminate/View/View.php(142): Illuminate\\View\\Engines\\CompilerEngine->get()
#3 /home/tuvi/domains/tuvi.tuvanweb.com/public_html/vendor/laravel/framework/src/Illuminate/View/View.php(125): Illuminate\\View\\View->getContents()
#4 /home/tuvi/domains/tuvi.tuvanweb.com/public_html/vendor/laravel/framework/src/Illuminate/View/View.php(90): Illuminate\\View\\View->renderContents()
#5 /home/tuvi/domains/tuvi.tuvanweb.com/public_html/vendor/barryvdh/laravel-dompdf/src/PDF.php(132): Illuminate\\View\\View->render()
#6 /home/tuvi/domains/tuvi.tuvanweb.com/public_html/vendor/barryvdh/laravel-dompdf/src/Facade.php(31): Barryvdh\\DomPDF\\PDF->loadView()
#7 /home/tuvi/domains/tuvi.tuvanweb.com/public_html/app/Http/Controllers/Admin/DailyController.php(276): Barryvdh\\DomPDF\\Facade::__callStatic()
#8 [internal function]: App\\Http\\Controllers\\Admin\\DailyController->store()
#9 /home/tuvi/domains/tuvi.tuvanweb.com/public_html/vendor/laravel/framework/src/Illuminate/Routing/Controller.php(54): call_user_func_array()
#10 /home/tuvi/domains/tuvi.tuvanweb.com/public_html/vendor/laravel/framework/src/Illuminate/Routing/ControllerDispatcher.php(45): Illuminate\\Routing\\Controller->callAction()
#11 /home/tuvi/domains/tuvi.tuvanweb.com/public_html/vendor/laravel/framework/src/Illuminate/Routing/Route.php(219): Illuminate\\Routing\\ControllerDispatcher->dispatch()
#12 /home/tuvi/domains/tuvi.tuvanweb.com/public_html/vendor/laravel/framework/src/Illuminate/Routing/Route.php(176): Illuminate\\Routing\\Route->runController()
#13 /home/tuvi/domains/tuvi.tuvanweb.com/public_html/vendor/laravel/framework/src/Illuminate/Routing/Router.php(680): Illuminate\\Routing\\Route->run()
#14 /home/tuvi/domains/tuvi.tuvanweb.com/public_html/vendor/laravel/framework/src/Illuminate/Routing/Pipeline.php(30): Illuminate\\Routing\\Router->Illuminate\\Routing\\{closure}()
#15 /home/tuvi/domains/tuvi.tuvanweb.com/public_html/vendor/laravel/framework/src/Illuminate/Routing/Middleware/SubstituteBindings.php(41): Illuminate\\Routing\\Pipeline->Illuminate\\Routing\\{closure}()
#16 /home/tuvi/domains/tuvi.tuvanweb.com/public_html/vendor/laravel/framework/src/Illuminate/Pipeline/Pipeline.php(163): Illuminate\\Routing\\Middleware\\SubstituteBindings->handle()
#17 /home/tuvi/domains/tuvi.tuvanweb.com/public_html/vendor/laravel/framework/src/Illuminate/Routing/Pipeline.php(53): Illuminate\\Pipeline\\Pipeline->Illuminate\\Pipeline\\{closure}()
#18 /home/tuvi/domains/tuvi.tuvanweb.com/public_html/vendor/laravel/framework/src/Illuminate/Auth/Middleware/Authenticate.php(43): Illuminate\\Routing\\Pipeline->Illuminate\\Routing\\{closure}()
#19 /home/tuvi/domains/tuvi.tuvanweb.com/public_html/vendor/laravel/framework/src/Illuminate/Pipeline/Pipeline.php(163): Illuminate\\Auth\\Middleware\\Authenticate->handle()
#20 /home/tuvi/domains/tuvi.tuvanweb.com/public_html/vendor/laravel/framework/src/Illuminate/Routing/Pipeline.php(53): Illuminate\\Pipeline\\Pipeline->Illuminate\\Pipeline\\{closure}()
#21 /home/tuvi/domains/tuvi.tuvanweb.com/public_html/vendor/laravel/framework/src/Illuminate/Foundation/Http/Middleware/VerifyCsrfToken.php(75): Illuminate\\Routing\\Pipeline->Illuminate\\Routing\\{closure}()
#22 /home/tuvi/domains/tuvi.tuvanweb.com/public_html/vendor/laravel/framework/src/Illuminate/Pipeline/Pipeline.php(163): Illuminate\\Foundation\\Http\\Middleware\\VerifyCsrfToken->handle()
#23 /home/tuvi/domains/tuvi.tuvanweb.com/public_html/vendor/laravel/framework/src/Illuminate/Routing/Pipeline.php(53): Illuminate\\Pipeline\\Pipeline->Illuminate\\Pipeline\\{closure}()
#24 /home/tuvi/domains/tuvi.tuvanweb.com/public_html/vendor/laravel/framework/src/Illuminate/View/Middleware/ShareErrorsFromSession.php(49): Illuminate\\Routing\\Pipeline->Illuminate\\Routing\\{closure}()
#25 /home/tuvi/domains/tuvi.tuvanweb.com/public_html/vendor/laravel/framework/src/Illuminate/Pipeline/Pipeline.php(163): Illuminate\\View\\Middleware\\ShareErrorsFromSession->handle()
#26 /home/tuvi/domains/tuvi.tuvanweb.com/public_html/vendor/laravel/framework/src/Illuminate/Routing/Pipeline.php(53): Illuminate\\Pipeline\\Pipeline->Illuminate\\Pipeline\\{closure}()
#27 /home/tuvi/domains/tuvi.tuvanweb.com/public_html/vendor/laravel/framework/src/Illuminate/Session/Middleware/StartSession.php(56): Illuminate\\Routing\\Pipeline->Illuminate\\Routing\\{closure}()
#28 /home/tuvi/domains/tuvi.tuvanweb.com/public_html/vendor/laravel/framework/src/Illuminate/Pipeline/Pipeline.php(163): Illuminate\\Session\\Middleware\\StartSession->handle()
#29 /home/tuvi/domains/tuvi.tuvanweb.com/public_html/vendor/laravel/framework/src/Illuminate/Routing/Pipeline.php(53): Illuminate\\Pipeline\\Pipeline->Illuminate\\Pipeline\\{closure}()
#30 /home/tuvi/domains/tuvi.tuvanweb.com/public_html/vendor/laravel/framework/src/Illuminate/Cookie/Middleware/AddQueuedCookiesToResponse.php(37): Illuminate\\Routing\\Pipeline->Illuminate\\Routing\\{closure}()
#31 /home/tuvi/domains/tuvi.tuvanweb.com/public_html/vendor/laravel/framework/src/Illuminate/Pipeline/Pipeline.php(163): Illuminate\\Cookie\\Middleware\\AddQueuedCookiesToResponse->handle()
#32 /home/tuvi/domains/tuvi.tuvanweb.com/public_html/vendor/laravel/framework/src/Illuminate/Routing/Pipeline.php(53): Illuminate\\Pipeline\\Pipeline->Illuminate\\Pipeline\\{closure}()
#33 /home/tuvi/domains/tuvi.tuvanweb.com/public_html/vendor/laravel/framework/src/Illuminate/Cookie/Middleware/EncryptCookies.php(66): Illuminate\\Routing\\Pipeline->Illuminate\\Routing\\{closure}()
#34 /home/tuvi/domains/tuvi.tuvanweb.com/public_html/vendor/laravel/framework/src/Illuminate/Pipeline/Pipeline.php(163): Illuminate\\Cookie\\Middleware\\EncryptCookies->handle()
#35 /home/tuvi/domains/tuvi.tuvanweb.com/public_html/vendor/laravel/framework/src/Illuminate/Routing/Pipeline.php(53): Illuminate\\Pipeline\\Pipeline->Illuminate\\Pipeline\\{closure}()
#36 /home/tuvi/domains/tuvi.tuvanweb.com/public_html/vendor/laravel/framework/src/Illuminate/Pipeline/Pipeline.php(104): Illuminate\\Routing\\Pipeline->Illuminate\\Routing\\{closure}()
#37 /home/tuvi/domains/tuvi.tuvanweb.com/public_html/vendor/laravel/framework/src/Illuminate/Routing/Router.php(682): Illuminate\\Pipeline\\Pipeline->then()
#38 /home/tuvi/domains/tuvi.tuvanweb.com/public_html/vendor/laravel/framework/src/Illuminate/Routing/Router.php(657): Illuminate\\Routing\\Router->runRouteWithinStack()
#39 /home/tuvi/domains/tuvi.tuvanweb.com/public_html/vendor/laravel/framework/src/Illuminate/Routing/Router.php(623): Illuminate\\Routing\\Router->runRoute()
#40 /home/tuvi/domains/tuvi.tuvanweb.com/public_html/vendor/laravel/framework/src/Illuminate/Routing/Router.php(612): Illuminate\\Routing\\Router->dispatchToRoute()
#41 /home/tuvi/domains/tuvi.tuvanweb.com/public_html/vendor/laravel/framework/src/Illuminate/Foundation/Http/Kernel.php(176): Illuminate\\Routing\\Router->dispatch()
#42 /home/tuvi/domains/tuvi.tuvanweb.com/public_html/vendor/laravel/framework/src/Illuminate/Routing/Pipeline.php(30): Illuminate\\Foundation\\Http\\Kernel->Illuminate\\Foundation\\Http\\{closure}()
#43 /home/tuvi/domains/tuvi.tuvanweb.com/public_html/vendor/proengsoft/laravel-jsvalidation/src/RemoteValidationMiddleware.php(53): Illuminate\\Routing\\Pipeline->Illuminate\\Routing\\{closure}()
#44 /home/tuvi/domains/tuvi.tuvanweb.com/public_html/vendor/laravel/framework/src/Illuminate/Pipeline/Pipeline.php(163): Proengsoft\\JsValidation\\RemoteValidationMiddleware->handle()
#45 /home/tuvi/domains/tuvi.tuvanweb.com/public_html/vendor/laravel/framework/src/Illuminate/Routing/Pipeline.php(53): Illuminate\\Pipeline\\Pipeline->Illuminate\\Pipeline\\{closure}()
#46 /home/tuvi/domains/tuvi.tuvanweb.com/public_html/vendor/laravel/framework/src/Illuminate/Foundation/Http/Middleware/TransformsRequest.php(21): Illuminate\\Routing\\Pipeline->Illuminate\\Routing\\{closure}()
#47 /home/tuvi/domains/tuvi.tuvanweb.com/public_html/vendor/laravel/framework/src/Illuminate/Pipeline/Pipeline.php(163): Illuminate\\Foundation\\Http\\Middleware\\TransformsRequest->handle()
#48 /home/tuvi/domains/tuvi.tuvanweb.com/public_html/vendor/laravel/framework/src/Illuminate/Routing/Pipeline.php(53): Illuminate\\Pipeline\\Pipeline->Illuminate\\Pipeline\\{closure}()
#49 /home/tuvi/domains/tuvi.tuvanweb.com/public_html/vendor/laravel/framework/src/Illuminate/Foundation/Http/Middleware/TransformsRequest.php(21): Illuminate\\Routing\\Pipeline->Illuminate\\Routing\\{closure}()
#50 /home/tuvi/domains/tuvi.tuvanweb.com/public_html/vendor/laravel/framework/src/Illuminate/Pipeline/Pipeline.php(163): Illuminate\\Foundation\\Http\\Middleware\\TransformsRequest->handle()
#51 /home/tuvi/domains/tuvi.tuvanweb.com/public_html/vendor/laravel/framework/src/Illuminate/Routing/Pipeline.php(53): Illuminate\\Pipeline\\Pipeline->Illuminate\\Pipeline\\{closure}()
#52 /home/tuvi/domains/tuvi.tuvanweb.com/public_html/vendor/laravel/framework/src/Illuminate/Foundation/Http/Middleware/ValidatePostSize.php(27): Illuminate\\Routing\\Pipeline->Illuminate\\Routing\\{closure}()
#53 /home/tuvi/domains/tuvi.tuvanweb.com/public_html/vendor/laravel/framework/src/Illuminate/Pipeline/Pipeline.php(163): Illuminate\\Foundation\\Http\\Middleware\\ValidatePostSize->handle()
#54 /home/tuvi/domains/tuvi.tuvanweb.com/public_html/vendor/laravel/framework/src/Illuminate/Routing/Pipeline.php(53): Illuminate\\Pipeline\\Pipeline->Illuminate\\Pipeline\\{closure}()
#55 /home/tuvi/domains/tuvi.tuvanweb.com/public_html/vendor/laravel/framework/src/Illuminate/Foundation/Http/Middleware/CheckForMaintenanceMode.php(62): Illuminate\\Routing\\Pipeline->Illuminate\\Routing\\{closure}()
#56 /home/tuvi/domains/tuvi.tuvanweb.com/public_html/vendor/laravel/framework/src/Illuminate/Pipeline/Pipeline.php(163): Illuminate\\Foundation\\Http\\Middleware\\CheckForMaintenanceMode->handle()
#57 /home/tuvi/domains/tuvi.tuvanweb.com/public_html/vendor/laravel/framework/src/Illuminate/Routing/Pipeline.php(53): Illuminate\\Pipeline\\Pipeline->Illuminate\\Pipeline\\{closure}()
#58 /home/tuvi/domains/tuvi.tuvanweb.com/public_html/vendor/fideloper/proxy/src/TrustProxies.php(57): Illuminate\\Routing\\Pipeline->Illuminate\\Routing\\{closure}()
#59 /home/tuvi/domains/tuvi.tuvanweb.com/public_html/vendor/laravel/framework/src/Illuminate/Pipeline/Pipeline.php(163): Fideloper\\Proxy\\TrustProxies->handle()
#60 /home/tuvi/domains/tuvi.tuvanweb.com/public_html/vendor/laravel/framework/src/Illuminate/Routing/Pipeline.php(53): Illuminate\\Pipeline\\Pipeline->Illuminate\\Pipeline\\{closure}()
#61 /home/tuvi/domains/tuvi.tuvanweb.com/public_html/vendor/laravel/framework/src/Illuminate/Pipeline/Pipeline.php(104): Illuminate\\Routing\\Pipeline->Illuminate\\Routing\\{closure}()
#62 /home/tuvi/domains/tuvi.tuvanweb.com/public_html/vendor/laravel/framework/src/Illuminate/Foundation/Http/Kernel.php(151): Illuminate\\Pipeline\\Pipeline->then()
#63 /home/tuvi/domains/tuvi.tuvanweb.com/public_html/vendor/laravel/framework/src/Illuminate/Foundation/Http/Kernel.php(116): Illuminate\\Foundation\\Http\\Kernel->sendRequestThroughRouter()
#64 /home/tuvi/domains/tuvi.tuvanweb.com/public_html/public/index.php(55): Illuminate\\Foundation\\Http\\Kernel->handle()
#65 /home/tuvi/domains/tuvi.tuvanweb.com/public_html/index.php(21): require_once('/home/tuvi/doma...')
#66 {main}
"} 
[2023-01-17 21:14:03] local.ERROR: syntax error, unexpected ''/'' (T_CONSTANT_ENCAPSED_STRING), expecting ';' or ',' (View: /home/tuvi/domains/tuvi.tuvanweb.com/public_html/resources/views/frontend/page1.blade.php) {"userId":1,"exception":"[object] (ErrorException(code: 0): syntax error, unexpected ''/'' (T_CONSTANT_ENCAPSED_STRING), expecting ';' or ',' (View: /home/tuvi/domains/tuvi.tuvanweb.com/public_html/resources/views/frontend/page1.blade.php) at /home/tuvi/domains/tuvi.tuvanweb.com/public_html/storage/framework/views/804297b6fa4cdf19c821a4eec714dab3d416a80b.php:910, Symfony\\Component\\Debug\\Exception\\FatalThrowableError(code: 0): syntax error, unexpected ''/'' (T_CONSTANT_ENCAPSED_STRING), expecting ';' or ',' at /home/tuvi/domains/tuvi.tuvanweb.com/public_html/storage/framework/views/804297b6fa4cdf19c821a4eec714dab3d416a80b.php:910)
[stacktrace]
#0 /home/tuvi/domains/tuvi.tuvanweb.com/public_html/vendor/laravel/framework/src/Illuminate/View/Engines/PhpEngine.php(47): Illuminate\\View\\Engines\\CompilerEngine->handleViewException()
#1 /home/tuvi/domains/tuvi.tuvanweb.com/public_html/vendor/laravel/framework/src/Illuminate/View/Engines/CompilerEngine.php(59): Illuminate\\View\\Engines\\PhpEngine->evaluatePath()
#2 /home/tuvi/domains/tuvi.tuvanweb.com/public_html/vendor/laravel/framework/src/Illuminate/View/View.php(142): Illuminate\\View\\Engines\\CompilerEngine->get()
#3 /home/tuvi/domains/tuvi.tuvanweb.com/public_html/vendor/laravel/framework/src/Illuminate/View/View.php(125): Illuminate\\View\\View->getContents()
#4 /home/tuvi/domains/tuvi.tuvanweb.com/public_html/vendor/laravel/framework/src/Illuminate/View/View.php(90): Illuminate\\View\\View->renderContents()
#5 /home/tuvi/domains/tuvi.tuvanweb.com/public_html/vendor/barryvdh/laravel-dompdf/src/PDF.php(132): Illuminate\\View\\View->render()
#6 /home/tuvi/domains/tuvi.tuvanweb.com/public_html/vendor/barryvdh/laravel-dompdf/src/Facade.php(31): Barryvdh\\DomPDF\\PDF->loadView()
#7 /home/tuvi/domains/tuvi.tuvanweb.com/public_html/app/Http/Controllers/Admin/DailyController.php(277): Barryvdh\\DomPDF\\Facade::__callStatic()
#8 [internal function]: App\\Http\\Controllers\\Admin\\DailyController->store()
#9 /home/tuvi/domains/tuvi.tuvanweb.com/public_html/vendor/laravel/framework/src/Illuminate/Routing/Controller.php(54): call_user_func_array()
#10 /home/tuvi/domains/tuvi.tuvanweb.com/public_html/vendor/laravel/framework/src/Illuminate/Routing/ControllerDispatcher.php(45): Illuminate\\Routing\\Controller->callAction()
#11 /home/tuvi/domains/tuvi.tuvanweb.com/public_html/vendor/laravel/framework/src/Illuminate/Routing/Route.php(219): Illuminate\\Routing\\ControllerDispatcher->dispatch()
#12 /home/tuvi/domains/tuvi.tuvanweb.com/public_html/vendor/laravel/framework/src/Illuminate/Routing/Route.php(176): Illuminate\\Routing\\Route->runController()
#13 /home/tuvi/domains/tuvi.tuvanweb.com/public_html/vendor/laravel/framework/src/Illuminate/Routing/Router.php(680): Illuminate\\Routing\\Route->run()
#14 /home/tuvi/domains/tuvi.tuvanweb.com/public_html/vendor/laravel/framework/src/Illuminate/Routing/Pipeline.php(30): Illuminate\\Routing\\Router->Illuminate\\Routing\\{closure}()
#15 /home/tuvi/domains/tuvi.tuvanweb.com/public_html/vendor/laravel/framework/src/Illuminate/Routing/Middleware/SubstituteBindings.php(41): Illuminate\\Routing\\Pipeline->Illuminate\\Routing\\{closure}()
#16 /home/tuvi/domains/tuvi.tuvanweb.com/public_html/vendor/laravel/framework/src/Illuminate/Pipeline/Pipeline.php(163): Illuminate\\Routing\\Middleware\\SubstituteBindings->handle()
#17 /home/tuvi/domains/tuvi.tuvanweb.com/public_html/vendor/laravel/framework/src/Illuminate/Routing/Pipeline.php(53): Illuminate\\Pipeline\\Pipeline->Illuminate\\Pipeline\\{closure}()
#18 /home/tuvi/domains/tuvi.tuvanweb.com/public_html/vendor/laravel/framework/src/Illuminate/Auth/Middleware/Authenticate.php(43): Illuminate\\Routing\\Pipeline->Illuminate\\Routing\\{closure}()
#19 /home/tuvi/domains/tuvi.tuvanweb.com/public_html/vendor/laravel/framework/src/Illuminate/Pipeline/Pipeline.php(163): Illuminate\\Auth\\Middleware\\Authenticate->handle()
#20 /home/tuvi/domains/tuvi.tuvanweb.com/public_html/vendor/laravel/framework/src/Illuminate/Routing/Pipeline.php(53): Illuminate\\Pipeline\\Pipeline->Illuminate\\Pipeline\\{closure}()
#21 /home/tuvi/domains/tuvi.tuvanweb.com/public_html/vendor/laravel/framework/src/Illuminate/Foundation/Http/Middleware/VerifyCsrfToken.php(75): Illuminate\\Routing\\Pipeline->Illuminate\\Routing\\{closure}()
#22 /home/tuvi/domains/tuvi.tuvanweb.com/public_html/vendor/laravel/framework/src/Illuminate/Pipeline/Pipeline.php(163): Illuminate\\Foundation\\Http\\Middleware\\VerifyCsrfToken->handle()
#23 /home/tuvi/domains/tuvi.tuvanweb.com/public_html/vendor/laravel/framework/src/Illuminate/Routing/Pipeline.php(53): Illuminate\\Pipeline\\Pipeline->Illuminate\\Pipeline\\{closure}()
#24 /home/tuvi/domains/tuvi.tuvanweb.com/public_html/vendor/laravel/framework/src/Illuminate/View/Middleware/ShareErrorsFromSession.php(49): Illuminate\\Routing\\Pipeline->Illuminate\\Routing\\{closure}()
#25 /home/tuvi/domains/tuvi.tuvanweb.com/public_html/vendor/laravel/framework/src/Illuminate/Pipeline/Pipeline.php(163): Illuminate\\View\\Middleware\\ShareErrorsFromSession->handle()
#26 /home/tuvi/domains/tuvi.tuvanweb.com/public_html/vendor/laravel/framework/src/Illuminate/Routing/Pipeline.php(53): Illuminate\\Pipeline\\Pipeline->Illuminate\\Pipeline\\{closure}()
#27 /home/tuvi/domains/tuvi.tuvanweb.com/public_html/vendor/laravel/framework/src/Illuminate/Session/Middleware/StartSession.php(56): Illuminate\\Routing\\Pipeline->Illuminate\\Routing\\{closure}()
#28 /home/tuvi/domains/tuvi.tuvanweb.com/public_html/vendor/laravel/framework/src/Illuminate/Pipeline/Pipeline.php(163): Illuminate\\Session\\Middleware\\StartSession->handle()
#29 /home/tuvi/domains/tuvi.tuvanweb.com/public_html/vendor/laravel/framework/src/Illuminate/Routing/Pipeline.php(53): Illuminate\\Pipeline\\Pipeline->Illuminate\\Pipeline\\{closure}()
#30 /home/tuvi/domains/tuvi.tuvanweb.com/public_html/vendor/laravel/framework/src/Illuminate/Cookie/Middleware/AddQueuedCookiesToResponse.php(37): Illuminate\\Routing\\Pipeline->Illuminate\\Routing\\{closure}()
#31 /home/tuvi/domains/tuvi.tuvanweb.com/public_html/vendor/laravel/framework/src/Illuminate/Pipeline/Pipeline.php(163): Illuminate\\Cookie\\Middleware\\AddQueuedCookiesToResponse->handle()
#32 /home/tuvi/domains/tuvi.tuvanweb.com/public_html/vendor/laravel/framework/src/Illuminate/Routing/Pipeline.php(53): Illuminate\\Pipeline\\Pipeline->Illuminate\\Pipeline\\{closure}()
#33 /home/tuvi/domains/tuvi.tuvanweb.com/public_html/vendor/laravel/framework/src/Illuminate/Cookie/Middleware/EncryptCookies.php(66): Illuminate\\Routing\\Pipeline->Illuminate\\Routing\\{closure}()
#34 /home/tuvi/domains/tuvi.tuvanweb.com/public_html/vendor/laravel/framework/src/Illuminate/Pipeline/Pipeline.php(163): Illuminate\\Cookie\\Middleware\\EncryptCookies->handle()
#35 /home/tuvi/domains/tuvi.tuvanweb.com/public_html/vendor/laravel/framework/src/Illuminate/Routing/Pipeline.php(53): Illuminate\\Pipeline\\Pipeline->Illuminate\\Pipeline\\{closure}()
#36 /home/tuvi/domains/tuvi.tuvanweb.com/public_html/vendor/laravel/framework/src/Illuminate/Pipeline/Pipeline.php(104): Illuminate\\Routing\\Pipeline->Illuminate\\Routing\\{closure}()
#37 /home/tuvi/domains/tuvi.tuvanweb.com/public_html/vendor/laravel/framework/src/Illuminate/Routing/Router.php(682): Illuminate\\Pipeline\\Pipeline->then()
#38 /home/tuvi/domains/tuvi.tuvanweb.com/public_html/vendor/laravel/framework/src/Illuminate/Routing/Router.php(657): Illuminate\\Routing\\Router->runRouteWithinStack()
#39 /home/tuvi/domains/tuvi.tuvanweb.com/public_html/vendor/laravel/framework/src/Illuminate/Routing/Router.php(623): Illuminate\\Routing\\Router->runRoute()
#40 /home/tuvi/domains/tuvi.tuvanweb.com/public_html/vendor/laravel/framework/src/Illuminate/Routing/Router.php(612): Illuminate\\Routing\\Router->dispatchToRoute()
#41 /home/tuvi/domains/tuvi.tuvanweb.com/public_html/vendor/laravel/framework/src/Illuminate/Foundation/Http/Kernel.php(176): Illuminate\\Routing\\Router->dispatch()
#42 /home/tuvi/domains/tuvi.tuvanweb.com/public_html/vendor/laravel/framework/src/Illuminate/Routing/Pipeline.php(30): Illuminate\\Foundation\\Http\\Kernel->Illuminate\\Foundation\\Http\\{closure}()
#43 /home/tuvi/domains/tuvi.tuvanweb.com/public_html/vendor/proengsoft/laravel-jsvalidation/src/RemoteValidationMiddleware.php(53): Illuminate\\Routing\\Pipeline->Illuminate\\Routing\\{closure}()
#44 /home/tuvi/domains/tuvi.tuvanweb.com/public_html/vendor/laravel/framework/src/Illuminate/Pipeline/Pipeline.php(163): Proengsoft\\JsValidation\\RemoteValidationMiddleware->handle()
#45 /home/tuvi/domains/tuvi.tuvanweb.com/public_html/vendor/laravel/framework/src/Illuminate/Routing/Pipeline.php(53): Illuminate\\Pipeline\\Pipeline->Illuminate\\Pipeline\\{closure}()
#46 /home/tuvi/domains/tuvi.tuvanweb.com/public_html/vendor/laravel/framework/src/Illuminate/Foundation/Http/Middleware/TransformsRequest.php(21): Illuminate\\Routing\\Pipeline->Illuminate\\Routing\\{closure}()
#47 /home/tuvi/domains/tuvi.tuvanweb.com/public_html/vendor/laravel/framework/src/Illuminate/Pipeline/Pipeline.php(163): Illuminate\\Foundation\\Http\\Middleware\\TransformsRequest->handle()
#48 /home/tuvi/domains/tuvi.tuvanweb.com/public_html/vendor/laravel/framework/src/Illuminate/Routing/Pipeline.php(53): Illuminate\\Pipeline\\Pipeline->Illuminate\\Pipeline\\{closure}()
#49 /home/tuvi/domains/tuvi.tuvanweb.com/public_html/vendor/laravel/framework/src/Illuminate/Foundation/Http/Middleware/TransformsRequest.php(21): Illuminate\\Routing\\Pipeline->Illuminate\\Routing\\{closure}()
#50 /home/tuvi/domains/tuvi.tuvanweb.com/public_html/vendor/laravel/framework/src/Illuminate/Pipeline/Pipeline.php(163): Illuminate\\Foundation\\Http\\Middleware\\TransformsRequest->handle()
#51 /home/tuvi/domains/tuvi.tuvanweb.com/public_html/vendor/laravel/framework/src/Illuminate/Routing/Pipeline.php(53): Illuminate\\Pipeline\\Pipeline->Illuminate\\Pipeline\\{closure}()
#52 /home/tuvi/domains/tuvi.tuvanweb.com/public_html/vendor/laravel/framework/src/Illuminate/Foundation/Http/Middleware/ValidatePostSize.php(27): Illuminate\\Routing\\Pipeline->Illuminate\\Routing\\{closure}()
#53 /home/tuvi/domains/tuvi.tuvanweb.com/public_html/vendor/laravel/framework/src/Illuminate/Pipeline/Pipeline.php(163): Illuminate\\Foundation\\Http\\Middleware\\ValidatePostSize->handle()
#54 /home/tuvi/domains/tuvi.tuvanweb.com/public_html/vendor/laravel/framework/src/Illuminate/Routing/Pipeline.php(53): Illuminate\\Pipeline\\Pipeline->Illuminate\\Pipeline\\{closure}()
#55 /home/tuvi/domains/tuvi.tuvanweb.com/public_html/vendor/laravel/framework/src/Illuminate/Foundation/Http/Middleware/CheckForMaintenanceMode.php(62): Illuminate\\Routing\\Pipeline->Illuminate\\Routing\\{closure}()
#56 /home/tuvi/domains/tuvi.tuvanweb.com/public_html/vendor/laravel/framework/src/Illuminate/Pipeline/Pipeline.php(163): Illuminate\\Foundation\\Http\\Middleware\\CheckForMaintenanceMode->handle()
#57 /home/tuvi/domains/tuvi.tuvanweb.com/public_html/vendor/laravel/framework/src/Illuminate/Routing/Pipeline.php(53): Illuminate\\Pipeline\\Pipeline->Illuminate\\Pipeline\\{closure}()
#58 /home/tuvi/domains/tuvi.tuvanweb.com/public_html/vendor/fideloper/proxy/src/TrustProxies.php(57): Illuminate\\Routing\\Pipeline->Illuminate\\Routing\\{closure}()
#59 /home/tuvi/domains/tuvi.tuvanweb.com/public_html/vendor/laravel/framework/src/Illuminate/Pipeline/Pipeline.php(163): Fideloper\\Proxy\\TrustProxies->handle()
#60 /home/tuvi/domains/tuvi.tuvanweb.com/public_html/vendor/laravel/framework/src/Illuminate/Routing/Pipeline.php(53): Illuminate\\Pipeline\\Pipeline->Illuminate\\Pipeline\\{closure}()
#61 /home/tuvi/domains/tuvi.tuvanweb.com/public_html/vendor/laravel/framework/src/Illuminate/Pipeline/Pipeline.php(104): Illuminate\\Routing\\Pipeline->Illuminate\\Routing\\{closure}()
#62 /home/tuvi/domains/tuvi.tuvanweb.com/public_html/vendor/laravel/framework/src/Illuminate/Foundation/Http/Kernel.php(151): Illuminate\\Pipeline\\Pipeline->then()
#63 /home/tuvi/domains/tuvi.tuvanweb.com/public_html/vendor/laravel/framework/src/Illuminate/Foundation/Http/Kernel.php(116): Illuminate\\Foundation\\Http\\Kernel->sendRequestThroughRouter()
#64 /home/tuvi/domains/tuvi.tuvanweb.com/public_html/public/index.php(55): Illuminate\\Foundation\\Http\\Kernel->handle()
#65 /home/tuvi/domains/tuvi.tuvanweb.com/public_html/index.php(21): require_once('/home/tuvi/doma...')
#66 {main}
"} 
[2023-01-17 21:15:51] local.ERROR: date() expects at least 1 parameter, 0 given (View: /home/tuvi/domains/tuvi.tuvanweb.com/public_html/resources/views/frontend/page1.blade.php) {"userId":1,"exception":"[object] (ErrorException(code: 0): date() expects at least 1 parameter, 0 given (View: /home/tuvi/domains/tuvi.tuvanweb.com/public_html/resources/views/frontend/page1.blade.php) at /home/tuvi/domains/tuvi.tuvanweb.com/public_html/storage/framework/views/804297b6fa4cdf19c821a4eec714dab3d416a80b.php:910, ErrorException(code: 0): date() expects at least 1 parameter, 0 given at /home/tuvi/domains/tuvi.tuvanweb.com/public_html/storage/framework/views/804297b6fa4cdf19c821a4eec714dab3d416a80b.php:910)
[stacktrace]
#0 /home/tuvi/domains/tuvi.tuvanweb.com/public_html/vendor/laravel/framework/src/Illuminate/View/Engines/PhpEngine.php(45): Illuminate\\View\\Engines\\CompilerEngine->handleViewException()
#1 /home/tuvi/domains/tuvi.tuvanweb.com/public_html/vendor/laravel/framework/src/Illuminate/View/Engines/CompilerEngine.php(59): Illuminate\\View\\Engines\\PhpEngine->evaluatePath()
#2 /home/tuvi/domains/tuvi.tuvanweb.com/public_html/vendor/laravel/framework/src/Illuminate/View/View.php(142): Illuminate\\View\\Engines\\CompilerEngine->get()
#3 /home/tuvi/domains/tuvi.tuvanweb.com/public_html/vendor/laravel/framework/src/Illuminate/View/View.php(125): Illuminate\\View\\View->getContents()
#4 /home/tuvi/domains/tuvi.tuvanweb.com/public_html/vendor/laravel/framework/src/Illuminate/View/View.php(90): Illuminate\\View\\View->renderContents()
#5 /home/tuvi/domains/tuvi.tuvanweb.com/public_html/vendor/barryvdh/laravel-dompdf/src/PDF.php(132): Illuminate\\View\\View->render()
#6 /home/tuvi/domains/tuvi.tuvanweb.com/public_html/vendor/barryvdh/laravel-dompdf/src/Facade.php(31): Barryvdh\\DomPDF\\PDF->loadView()
#7 /home/tuvi/domains/tuvi.tuvanweb.com/public_html/app/Http/Controllers/Admin/DailyController.php(277): Barryvdh\\DomPDF\\Facade::__callStatic()
#8 [internal function]: App\\Http\\Controllers\\Admin\\DailyController->store()
#9 /home/tuvi/domains/tuvi.tuvanweb.com/public_html/vendor/laravel/framework/src/Illuminate/Routing/Controller.php(54): call_user_func_array()
#10 /home/tuvi/domains/tuvi.tuvanweb.com/public_html/vendor/laravel/framework/src/Illuminate/Routing/ControllerDispatcher.php(45): Illuminate\\Routing\\Controller->callAction()
#11 /home/tuvi/domains/tuvi.tuvanweb.com/public_html/vendor/laravel/framework/src/Illuminate/Routing/Route.php(219): Illuminate\\Routing\\ControllerDispatcher->dispatch()
#12 /home/tuvi/domains/tuvi.tuvanweb.com/public_html/vendor/laravel/framework/src/Illuminate/Routing/Route.php(176): Illuminate\\Routing\\Route->runController()
#13 /home/tuvi/domains/tuvi.tuvanweb.com/public_html/vendor/laravel/framework/src/Illuminate/Routing/Router.php(680): Illuminate\\Routing\\Route->run()
#14 /home/tuvi/domains/tuvi.tuvanweb.com/public_html/vendor/laravel/framework/src/Illuminate/Routing/Pipeline.php(30): Illuminate\\Routing\\Router->Illuminate\\Routing\\{closure}()
#15 /home/tuvi/domains/tuvi.tuvanweb.com/public_html/vendor/laravel/framework/src/Illuminate/Routing/Middleware/SubstituteBindings.php(41): Illuminate\\Routing\\Pipeline->Illuminate\\Routing\\{closure}()
#16 /home/tuvi/domains/tuvi.tuvanweb.com/public_html/vendor/laravel/framework/src/Illuminate/Pipeline/Pipeline.php(163): Illuminate\\Routing\\Middleware\\SubstituteBindings->handle()
#17 /home/tuvi/domains/tuvi.tuvanweb.com/public_html/vendor/laravel/framework/src/Illuminate/Routing/Pipeline.php(53): Illuminate\\Pipeline\\Pipeline->Illuminate\\Pipeline\\{closure}()
#18 /home/tuvi/domains/tuvi.tuvanweb.com/public_html/vendor/laravel/framework/src/Illuminate/Auth/Middleware/Authenticate.php(43): Illuminate\\Routing\\Pipeline->Illuminate\\Routing\\{closure}()
#19 /home/tuvi/domains/tuvi.tuvanweb.com/public_html/vendor/laravel/framework/src/Illuminate/Pipeline/Pipeline.php(163): Illuminate\\Auth\\Middleware\\Authenticate->handle()
#20 /home/tuvi/domains/tuvi.tuvanweb.com/public_html/vendor/laravel/framework/src/Illuminate/Routing/Pipeline.php(53): Illuminate\\Pipeline\\Pipeline->Illuminate\\Pipeline\\{closure}()
#21 /home/tuvi/domains/tuvi.tuvanweb.com/public_html/vendor/laravel/framework/src/Illuminate/Foundation/Http/Middleware/VerifyCsrfToken.php(75): Illuminate\\Routing\\Pipeline->Illuminate\\Routing\\{closure}()
#22 /home/tuvi/domains/tuvi.tuvanweb.com/public_html/vendor/laravel/framework/src/Illuminate/Pipeline/Pipeline.php(163): Illuminate\\Foundation\\Http\\Middleware\\VerifyCsrfToken->handle()
#23 /home/tuvi/domains/tuvi.tuvanweb.com/public_html/vendor/laravel/framework/src/Illuminate/Routing/Pipeline.php(53): Illuminate\\Pipeline\\Pipeline->Illuminate\\Pipeline\\{closure}()
#24 /home/tuvi/domains/tuvi.tuvanweb.com/public_html/vendor/laravel/framework/src/Illuminate/View/Middleware/ShareErrorsFromSession.php(49): Illuminate\\Routing\\Pipeline->Illuminate\\Routing\\{closure}()
#25 /home/tuvi/domains/tuvi.tuvanweb.com/public_html/vendor/laravel/framework/src/Illuminate/Pipeline/Pipeline.php(163): Illuminate\\View\\Middleware\\ShareErrorsFromSession->handle()
#26 /home/tuvi/domains/tuvi.tuvanweb.com/public_html/vendor/laravel/framework/src/Illuminate/Routing/Pipeline.php(53): Illuminate\\Pipeline\\Pipeline->Illuminate\\Pipeline\\{closure}()
#27 /home/tuvi/domains/tuvi.tuvanweb.com/public_html/vendor/laravel/framework/src/Illuminate/Session/Middleware/StartSession.php(56): Illuminate\\Routing\\Pipeline->Illuminate\\Routing\\{closure}()
#28 /home/tuvi/domains/tuvi.tuvanweb.com/public_html/vendor/laravel/framework/src/Illuminate/Pipeline/Pipeline.php(163): Illuminate\\Session\\Middleware\\StartSession->handle()
#29 /home/tuvi/domains/tuvi.tuvanweb.com/public_html/vendor/laravel/framework/src/Illuminate/Routing/Pipeline.php(53): Illuminate\\Pipeline\\Pipeline->Illuminate\\Pipeline\\{closure}()
#30 /home/tuvi/domains/tuvi.tuvanweb.com/public_html/vendor/laravel/framework/src/Illuminate/Cookie/Middleware/AddQueuedCookiesToResponse.php(37): Illuminate\\Routing\\Pipeline->Illuminate\\Routing\\{closure}()
#31 /home/tuvi/domains/tuvi.tuvanweb.com/public_html/vendor/laravel/framework/src/Illuminate/Pipeline/Pipeline.php(163): Illuminate\\Cookie\\Middleware\\AddQueuedCookiesToResponse->handle()
#32 /home/tuvi/domains/tuvi.tuvanweb.com/public_html/vendor/laravel/framework/src/Illuminate/Routing/Pipeline.php(53): Illuminate\\Pipeline\\Pipeline->Illuminate\\Pipeline\\{closure}()
#33 /home/tuvi/domains/tuvi.tuvanweb.com/public_html/vendor/laravel/framework/src/Illuminate/Cookie/Middleware/EncryptCookies.php(66): Illuminate\\Routing\\Pipeline->Illuminate\\Routing\\{closure}()
#34 /home/tuvi/domains/tuvi.tuvanweb.com/public_html/vendor/laravel/framework/src/Illuminate/Pipeline/Pipeline.php(163): Illuminate\\Cookie\\Middleware\\EncryptCookies->handle()
#35 /home/tuvi/domains/tuvi.tuvanweb.com/public_html/vendor/laravel/framework/src/Illuminate/Routing/Pipeline.php(53): Illuminate\\Pipeline\\Pipeline->Illuminate\\Pipeline\\{closure}()
#36 /home/tuvi/domains/tuvi.tuvanweb.com/public_html/vendor/laravel/framework/src/Illuminate/Pipeline/Pipeline.php(104): Illuminate\\Routing\\Pipeline->Illuminate\\Routing\\{closure}()
#37 /home/tuvi/domains/tuvi.tuvanweb.com/public_html/vendor/laravel/framework/src/Illuminate/Routing/Router.php(682): Illuminate\\Pipeline\\Pipeline->then()
#38 /home/tuvi/domains/tuvi.tuvanweb.com/public_html/vendor/laravel/framework/src/Illuminate/Routing/Router.php(657): Illuminate\\Routing\\Router->runRouteWithinStack()
#39 /home/tuvi/domains/tuvi.tuvanweb.com/public_html/vendor/laravel/framework/src/Illuminate/Routing/Router.php(623): Illuminate\\Routing\\Router->runRoute()
#40 /home/tuvi/domains/tuvi.tuvanweb.com/public_html/vendor/laravel/framework/src/Illuminate/Routing/Router.php(612): Illuminate\\Routing\\Router->dispatchToRoute()
#41 /home/tuvi/domains/tuvi.tuvanweb.com/public_html/vendor/laravel/framework/src/Illuminate/Foundation/Http/Kernel.php(176): Illuminate\\Routing\\Router->dispatch()
#42 /home/tuvi/domains/tuvi.tuvanweb.com/public_html/vendor/laravel/framework/src/Illuminate/Routing/Pipeline.php(30): Illuminate\\Foundation\\Http\\Kernel->Illuminate\\Foundation\\Http\\{closure}()
#43 /home/tuvi/domains/tuvi.tuvanweb.com/public_html/vendor/proengsoft/laravel-jsvalidation/src/RemoteValidationMiddleware.php(53): Illuminate\\Routing\\Pipeline->Illuminate\\Routing\\{closure}()
#44 /home/tuvi/domains/tuvi.tuvanweb.com/public_html/vendor/laravel/framework/src/Illuminate/Pipeline/Pipeline.php(163): Proengsoft\\JsValidation\\RemoteValidationMiddleware->handle()
#45 /home/tuvi/domains/tuvi.tuvanweb.com/public_html/vendor/laravel/framework/src/Illuminate/Routing/Pipeline.php(53): Illuminate\\Pipeline\\Pipeline->Illuminate\\Pipeline\\{closure}()
#46 /home/tuvi/domains/tuvi.tuvanweb.com/public_html/vendor/laravel/framework/src/Illuminate/Foundation/Http/Middleware/TransformsRequest.php(21): Illuminate\\Routing\\Pipeline->Illuminate\\Routing\\{closure}()
#47 /home/tuvi/domains/tuvi.tuvanweb.com/public_html/vendor/laravel/framework/src/Illuminate/Pipeline/Pipeline.php(163): Illuminate\\Foundation\\Http\\Middleware\\TransformsRequest->handle()
#48 /home/tuvi/domains/tuvi.tuvanweb.com/public_html/vendor/laravel/framework/src/Illuminate/Routing/Pipeline.php(53): Illuminate\\Pipeline\\Pipeline->Illuminate\\Pipeline\\{closure}()
#49 /home/tuvi/domains/tuvi.tuvanweb.com/public_html/vendor/laravel/framework/src/Illuminate/Foundation/Http/Middleware/TransformsRequest.php(21): Illuminate\\Routing\\Pipeline->Illuminate\\Routing\\{closure}()
#50 /home/tuvi/domains/tuvi.tuvanweb.com/public_html/vendor/laravel/framework/src/Illuminate/Pipeline/Pipeline.php(163): Illuminate\\Foundation\\Http\\Middleware\\TransformsRequest->handle()
#51 /home/tuvi/domains/tuvi.tuvanweb.com/public_html/vendor/laravel/framework/src/Illuminate/Routing/Pipeline.php(53): Illuminate\\Pipeline\\Pipeline->Illuminate\\Pipeline\\{closure}()
#52 /home/tuvi/domains/tuvi.tuvanweb.com/public_html/vendor/laravel/framework/src/Illuminate/Foundation/Http/Middleware/ValidatePostSize.php(27): Illuminate\\Routing\\Pipeline->Illuminate\\Routing\\{closure}()
#53 /home/tuvi/domains/tuvi.tuvanweb.com/public_html/vendor/laravel/framework/src/Illuminate/Pipeline/Pipeline.php(163): Illuminate\\Foundation\\Http\\Middleware\\ValidatePostSize->handle()
#54 /home/tuvi/domains/tuvi.tuvanweb.com/public_html/vendor/laravel/framework/src/Illuminate/Routing/Pipeline.php(53): Illuminate\\Pipeline\\Pipeline->Illuminate\\Pipeline\\{closure}()
#55 /home/tuvi/domains/tuvi.tuvanweb.com/public_html/vendor/laravel/framework/src/Illuminate/Foundation/Http/Middleware/CheckForMaintenanceMode.php(62): Illuminate\\Routing\\Pipeline->Illuminate\\Routing\\{closure}()
#56 /home/tuvi/domains/tuvi.tuvanweb.com/public_html/vendor/laravel/framework/src/Illuminate/Pipeline/Pipeline.php(163): Illuminate\\Foundation\\Http\\Middleware\\CheckForMaintenanceMode->handle()
#57 /home/tuvi/domains/tuvi.tuvanweb.com/public_html/vendor/laravel/framework/src/Illuminate/Routing/Pipeline.php(53): Illuminate\\Pipeline\\Pipeline->Illuminate\\Pipeline\\{closure}()
#58 /home/tuvi/domains/tuvi.tuvanweb.com/public_html/vendor/fideloper/proxy/src/TrustProxies.php(57): Illuminate\\Routing\\Pipeline->Illuminate\\Routing\\{closure}()
#59 /home/tuvi/domains/tuvi.tuvanweb.com/public_html/vendor/laravel/framework/src/Illuminate/Pipeline/Pipeline.php(163): Fideloper\\Proxy\\TrustProxies->handle()
#60 /home/tuvi/domains/tuvi.tuvanweb.com/public_html/vendor/laravel/framework/src/Illuminate/Routing/Pipeline.php(53): Illuminate\\Pipeline\\Pipeline->Illuminate\\Pipeline\\{closure}()
#61 /home/tuvi/domains/tuvi.tuvanweb.com/public_html/vendor/laravel/framework/src/Illuminate/Pipeline/Pipeline.php(104): Illuminate\\Routing\\Pipeline->Illuminate\\Routing\\{closure}()
#62 /home/tuvi/domains/tuvi.tuvanweb.com/public_html/vendor/laravel/framework/src/Illuminate/Foundation/Http/Kernel.php(151): Illuminate\\Pipeline\\Pipeline->then()
#63 /home/tuvi/domains/tuvi.tuvanweb.com/public_html/vendor/laravel/framework/src/Illuminate/Foundation/Http/Kernel.php(116): Illuminate\\Foundation\\Http\\Kernel->sendRequestThroughRouter()
#64 /home/tuvi/domains/tuvi.tuvanweb.com/public_html/public/index.php(55): Illuminate\\Foundation\\Http\\Kernel->handle()
#65 /home/tuvi/domains/tuvi.tuvanweb.com/public_html/index.php(21): require_once('/home/tuvi/doma...')
#66 {main}
"} 
[2023-01-17 21:16:26] local.ERROR: date() expects at least 1 parameter, 0 given (View: /home/tuvi/domains/tuvi.tuvanweb.com/public_html/resources/views/frontend/page1.blade.php) {"userId":1,"exception":"[object] (ErrorException(code: 0): date() expects at least 1 parameter, 0 given (View: /home/tuvi/domains/tuvi.tuvanweb.com/public_html/resources/views/frontend/page1.blade.php) at /home/tuvi/domains/tuvi.tuvanweb.com/public_html/storage/framework/views/804297b6fa4cdf19c821a4eec714dab3d416a80b.php:910, ErrorException(code: 0): date() expects at least 1 parameter, 0 given at /home/tuvi/domains/tuvi.tuvanweb.com/public_html/storage/framework/views/804297b6fa4cdf19c821a4eec714dab3d416a80b.php:910)
[stacktrace]
#0 /home/tuvi/domains/tuvi.tuvanweb.com/public_html/vendor/laravel/framework/src/Illuminate/View/Engines/PhpEngine.php(45): Illuminate\\View\\Engines\\CompilerEngine->handleViewException()
#1 /home/tuvi/domains/tuvi.tuvanweb.com/public_html/vendor/laravel/framework/src/Illuminate/View/Engines/CompilerEngine.php(59): Illuminate\\View\\Engines\\PhpEngine->evaluatePath()
#2 /home/tuvi/domains/tuvi.tuvanweb.com/public_html/vendor/laravel/framework/src/Illuminate/View/View.php(142): Illuminate\\View\\Engines\\CompilerEngine->get()
#3 /home/tuvi/domains/tuvi.tuvanweb.com/public_html/vendor/laravel/framework/src/Illuminate/View/View.php(125): Illuminate\\View\\View->getContents()
#4 /home/tuvi/domains/tuvi.tuvanweb.com/public_html/vendor/laravel/framework/src/Illuminate/View/View.php(90): Illuminate\\View\\View->renderContents()
#5 /home/tuvi/domains/tuvi.tuvanweb.com/public_html/vendor/barryvdh/laravel-dompdf/src/PDF.php(132): Illuminate\\View\\View->render()
#6 /home/tuvi/domains/tuvi.tuvanweb.com/public_html/vendor/barryvdh/laravel-dompdf/src/Facade.php(31): Barryvdh\\DomPDF\\PDF->loadView()
#7 /home/tuvi/domains/tuvi.tuvanweb.com/public_html/app/Http/Controllers/Admin/DailyController.php(277): Barryvdh\\DomPDF\\Facade::__callStatic()
#8 [internal function]: App\\Http\\Controllers\\Admin\\DailyController->store()
#9 /home/tuvi/domains/tuvi.tuvanweb.com/public_html/vendor/laravel/framework/src/Illuminate/Routing/Controller.php(54): call_user_func_array()
#10 /home/tuvi/domains/tuvi.tuvanweb.com/public_html/vendor/laravel/framework/src/Illuminate/Routing/ControllerDispatcher.php(45): Illuminate\\Routing\\Controller->callAction()
#11 /home/tuvi/domains/tuvi.tuvanweb.com/public_html/vendor/laravel/framework/src/Illuminate/Routing/Route.php(219): Illuminate\\Routing\\ControllerDispatcher->dispatch()
#12 /home/tuvi/domains/tuvi.tuvanweb.com/public_html/vendor/laravel/framework/src/Illuminate/Routing/Route.php(176): Illuminate\\Routing\\Route->runController()
#13 /home/tuvi/domains/tuvi.tuvanweb.com/public_html/vendor/laravel/framework/src/Illuminate/Routing/Router.php(680): Illuminate\\Routing\\Route->run()
#14 /home/tuvi/domains/tuvi.tuvanweb.com/public_html/vendor/laravel/framework/src/Illuminate/Routing/Pipeline.php(30): Illuminate\\Routing\\Router->Illuminate\\Routing\\{closure}()
#15 /home/tuvi/domains/tuvi.tuvanweb.com/public_html/vendor/laravel/framework/src/Illuminate/Routing/Middleware/SubstituteBindings.php(41): Illuminate\\Routing\\Pipeline->Illuminate\\Routing\\{closure}()
#16 /home/tuvi/domains/tuvi.tuvanweb.com/public_html/vendor/laravel/framework/src/Illuminate/Pipeline/Pipeline.php(163): Illuminate\\Routing\\Middleware\\SubstituteBindings->handle()
#17 /home/tuvi/domains/tuvi.tuvanweb.com/public_html/vendor/laravel/framework/src/Illuminate/Routing/Pipeline.php(53): Illuminate\\Pipeline\\Pipeline->Illuminate\\Pipeline\\{closure}()
#18 /home/tuvi/domains/tuvi.tuvanweb.com/public_html/vendor/laravel/framework/src/Illuminate/Auth/Middleware/Authenticate.php(43): Illuminate\\Routing\\Pipeline->Illuminate\\Routing\\{closure}()
#19 /home/tuvi/domains/tuvi.tuvanweb.com/public_html/vendor/laravel/framework/src/Illuminate/Pipeline/Pipeline.php(163): Illuminate\\Auth\\Middleware\\Authenticate->handle()
#20 /home/tuvi/domains/tuvi.tuvanweb.com/public_html/vendor/laravel/framework/src/Illuminate/Routing/Pipeline.php(53): Illuminate\\Pipeline\\Pipeline->Illuminate\\Pipeline\\{closure}()
#21 /home/tuvi/domains/tuvi.tuvanweb.com/public_html/vendor/laravel/framework/src/Illuminate/Foundation/Http/Middleware/VerifyCsrfToken.php(75): Illuminate\\Routing\\Pipeline->Illuminate\\Routing\\{closure}()
#22 /home/tuvi/domains/tuvi.tuvanweb.com/public_html/vendor/laravel/framework/src/Illuminate/Pipeline/Pipeline.php(163): Illuminate\\Foundation\\Http\\Middleware\\VerifyCsrfToken->handle()
#23 /home/tuvi/domains/tuvi.tuvanweb.com/public_html/vendor/laravel/framework/src/Illuminate/Routing/Pipeline.php(53): Illuminate\\Pipeline\\Pipeline->Illuminate\\Pipeline\\{closure}()
#24 /home/tuvi/domains/tuvi.tuvanweb.com/public_html/vendor/laravel/framework/src/Illuminate/View/Middleware/ShareErrorsFromSession.php(49): Illuminate\\Routing\\Pipeline->Illuminate\\Routing\\{closure}()
#25 /home/tuvi/domains/tuvi.tuvanweb.com/public_html/vendor/laravel/framework/src/Illuminate/Pipeline/Pipeline.php(163): Illuminate\\View\\Middleware\\ShareErrorsFromSession->handle()
#26 /home/tuvi/domains/tuvi.tuvanweb.com/public_html/vendor/laravel/framework/src/Illuminate/Routing/Pipeline.php(53): Illuminate\\Pipeline\\Pipeline->Illuminate\\Pipeline\\{closure}()
#27 /home/tuvi/domains/tuvi.tuvanweb.com/public_html/vendor/laravel/framework/src/Illuminate/Session/Middleware/StartSession.php(56): Illuminate\\Routing\\Pipeline->Illuminate\\Routing\\{closure}()
#28 /home/tuvi/domains/tuvi.tuvanweb.com/public_html/vendor/laravel/framework/src/Illuminate/Pipeline/Pipeline.php(163): Illuminate\\Session\\Middleware\\StartSession->handle()
#29 /home/tuvi/domains/tuvi.tuvanweb.com/public_html/vendor/laravel/framework/src/Illuminate/Routing/Pipeline.php(53): Illuminate\\Pipeline\\Pipeline->Illuminate\\Pipeline\\{closure}()
#30 /home/tuvi/domains/tuvi.tuvanweb.com/public_html/vendor/laravel/framework/src/Illuminate/Cookie/Middleware/AddQueuedCookiesToResponse.php(37): Illuminate\\Routing\\Pipeline->Illuminate\\Routing\\{closure}()
#31 /home/tuvi/domains/tuvi.tuvanweb.com/public_html/vendor/laravel/framework/src/Illuminate/Pipeline/Pipeline.php(163): Illuminate\\Cookie\\Middleware\\AddQueuedCookiesToResponse->handle()
#32 /home/tuvi/domains/tuvi.tuvanweb.com/public_html/vendor/laravel/framework/src/Illuminate/Routing/Pipeline.php(53): Illuminate\\Pipeline\\Pipeline->Illuminate\\Pipeline\\{closure}()
#33 /home/tuvi/domains/tuvi.tuvanweb.com/public_html/vendor/laravel/framework/src/Illuminate/Cookie/Middleware/EncryptCookies.php(66): Illuminate\\Routing\\Pipeline->Illuminate\\Routing\\{closure}()
#34 /home/tuvi/domains/tuvi.tuvanweb.com/public_html/vendor/laravel/framework/src/Illuminate/Pipeline/Pipeline.php(163): Illuminate\\Cookie\\Middleware\\EncryptCookies->handle()
#35 /home/tuvi/domains/tuvi.tuvanweb.com/public_html/vendor/laravel/framework/src/Illuminate/Routing/Pipeline.php(53): Illuminate\\Pipeline\\Pipeline->Illuminate\\Pipeline\\{closure}()
#36 /home/tuvi/domains/tuvi.tuvanweb.com/public_html/vendor/laravel/framework/src/Illuminate/Pipeline/Pipeline.php(104): Illuminate\\Routing\\Pipeline->Illuminate\\Routing\\{closure}()
#37 /home/tuvi/domains/tuvi.tuvanweb.com/public_html/vendor/laravel/framework/src/Illuminate/Routing/Router.php(682): Illuminate\\Pipeline\\Pipeline->then()
#38 /home/tuvi/domains/tuvi.tuvanweb.com/public_html/vendor/laravel/framework/src/Illuminate/Routing/Router.php(657): Illuminate\\Routing\\Router->runRouteWithinStack()
#39 /home/tuvi/domains/tuvi.tuvanweb.com/public_html/vendor/laravel/framework/src/Illuminate/Routing/Router.php(623): Illuminate\\Routing\\Router->runRoute()
#40 /home/tuvi/domains/tuvi.tuvanweb.com/public_html/vendor/laravel/framework/src/Illuminate/Routing/Router.php(612): Illuminate\\Routing\\Router->dispatchToRoute()
#41 /home/tuvi/domains/tuvi.tuvanweb.com/public_html/vendor/laravel/framework/src/Illuminate/Foundation/Http/Kernel.php(176): Illuminate\\Routing\\Router->dispatch()
#42 /home/tuvi/domains/tuvi.tuvanweb.com/public_html/vendor/laravel/framework/src/Illuminate/Routing/Pipeline.php(30): Illuminate\\Foundation\\Http\\Kernel->Illuminate\\Foundation\\Http\\{closure}()
#43 /home/tuvi/domains/tuvi.tuvanweb.com/public_html/vendor/proengsoft/laravel-jsvalidation/src/RemoteValidationMiddleware.php(53): Illuminate\\Routing\\Pipeline->Illuminate\\Routing\\{closure}()
#44 /home/tuvi/domains/tuvi.tuvanweb.com/public_html/vendor/laravel/framework/src/Illuminate/Pipeline/Pipeline.php(163): Proengsoft\\JsValidation\\RemoteValidationMiddleware->handle()
#45 /home/tuvi/domains/tuvi.tuvanweb.com/public_html/vendor/laravel/framework/src/Illuminate/Routing/Pipeline.php(53): Illuminate\\Pipeline\\Pipeline->Illuminate\\Pipeline\\{closure}()
#46 /home/tuvi/domains/tuvi.tuvanweb.com/public_html/vendor/laravel/framework/src/Illuminate/Foundation/Http/Middleware/TransformsRequest.php(21): Illuminate\\Routing\\Pipeline->Illuminate\\Routing\\{closure}()
#47 /home/tuvi/domains/tuvi.tuvanweb.com/public_html/vendor/laravel/framework/src/Illuminate/Pipeline/Pipeline.php(163): Illuminate\\Foundation\\Http\\Middleware\\TransformsRequest->handle()
#48 /home/tuvi/domains/tuvi.tuvanweb.com/public_html/vendor/laravel/framework/src/Illuminate/Routing/Pipeline.php(53): Illuminate\\Pipeline\\Pipeline->Illuminate\\Pipeline\\{closure}()
#49 /home/tuvi/domains/tuvi.tuvanweb.com/public_html/vendor/laravel/framework/src/Illuminate/Foundation/Http/Middleware/TransformsRequest.php(21): Illuminate\\Routing\\Pipeline->Illuminate\\Routing\\{closure}()
#50 /home/tuvi/domains/tuvi.tuvanweb.com/public_html/vendor/laravel/framework/src/Illuminate/Pipeline/Pipeline.php(163): Illuminate\\Foundation\\Http\\Middleware\\TransformsRequest->handle()
#51 /home/tuvi/domains/tuvi.tuvanweb.com/public_html/vendor/laravel/framework/src/Illuminate/Routing/Pipeline.php(53): Illuminate\\Pipeline\\Pipeline->Illuminate\\Pipeline\\{closure}()
#52 /home/tuvi/domains/tuvi.tuvanweb.com/public_html/vendor/laravel/framework/src/Illuminate/Foundation/Http/Middleware/ValidatePostSize.php(27): Illuminate\\Routing\\Pipeline->Illuminate\\Routing\\{closure}()
#53 /home/tuvi/domains/tuvi.tuvanweb.com/public_html/vendor/laravel/framework/src/Illuminate/Pipeline/Pipeline.php(163): Illuminate\\Foundation\\Http\\Middleware\\ValidatePostSize->handle()
#54 /home/tuvi/domains/tuvi.tuvanweb.com/public_html/vendor/laravel/framework/src/Illuminate/Routing/Pipeline.php(53): Illuminate\\Pipeline\\Pipeline->Illuminate\\Pipeline\\{closure}()
#55 /home/tuvi/domains/tuvi.tuvanweb.com/public_html/vendor/laravel/framework/src/Illuminate/Foundation/Http/Middleware/CheckForMaintenanceMode.php(62): Illuminate\\Routing\\Pipeline->Illuminate\\Routing\\{closure}()
#56 /home/tuvi/domains/tuvi.tuvanweb.com/public_html/vendor/laravel/framework/src/Illuminate/Pipeline/Pipeline.php(163): Illuminate\\Foundation\\Http\\Middleware\\CheckForMaintenanceMode->handle()
#57 /home/tuvi/domains/tuvi.tuvanweb.com/public_html/vendor/laravel/framework/src/Illuminate/Routing/Pipeline.php(53): Illuminate\\Pipeline\\Pipeline->Illuminate\\Pipeline\\{closure}()
#58 /home/tuvi/domains/tuvi.tuvanweb.com/public_html/vendor/fideloper/proxy/src/TrustProxies.php(57): Illuminate\\Routing\\Pipeline->Illuminate\\Routing\\{closure}()
#59 /home/tuvi/domains/tuvi.tuvanweb.com/public_html/vendor/laravel/framework/src/Illuminate/Pipeline/Pipeline.php(163): Fideloper\\Proxy\\TrustProxies->handle()
#60 /home/tuvi/domains/tuvi.tuvanweb.com/public_html/vendor/laravel/framework/src/Illuminate/Routing/Pipeline.php(53): Illuminate\\Pipeline\\Pipeline->Illuminate\\Pipeline\\{closure}()
#61 /home/tuvi/domains/tuvi.tuvanweb.com/public_html/vendor/laravel/framework/src/Illuminate/Pipeline/Pipeline.php(104): Illuminate\\Routing\\Pipeline->Illuminate\\Routing\\{closure}()
#62 /home/tuvi/domains/tuvi.tuvanweb.com/public_html/vendor/laravel/framework/src/Illuminate/Foundation/Http/Kernel.php(151): Illuminate\\Pipeline\\Pipeline->then()
#63 /home/tuvi/domains/tuvi.tuvanweb.com/public_html/vendor/laravel/framework/src/Illuminate/Foundation/Http/Kernel.php(116): Illuminate\\Foundation\\Http\\Kernel->sendRequestThroughRouter()
#64 /home/tuvi/domains/tuvi.tuvanweb.com/public_html/public/index.php(55): Illuminate\\Foundation\\Http\\Kernel->handle()
#65 /home/tuvi/domains/tuvi.tuvanweb.com/public_html/index.php(21): require_once('/home/tuvi/doma...')
#66 {main}
"} 
