[2023-02-10 10:21:02] local.ERROR: DOMDocument::loadHTML(): ID docs-internal-guid-94d6f183-7fff-a707-3bfa-baf800ee1c69 already defined in Entity, line: 632
DOMDocument::loadHTML(): ID docs-internal-guid-94d6f183-7fff-a707-3bfa-baf800ee1c69 already defined in Entity, line: 634
 {"userId":1,"exception":"[object] (Exception(code: 0): DOMDocument::loadHTML(): ID docs-internal-guid-94d6f183-7fff-a707-3bfa-baf800ee1c69 already defined in Entity, line: 632
DOMDocument::loadHTML(): ID docs-internal-guid-94d6f183-7fff-a707-3bfa-baf800ee1c69 already defined in Entity, line: 634
 at /home/tuvi/domains/tuvi.tuvanweb.com/public_html/vendor/barryvdh/laravel-dompdf/src/PDF.php:219)
[stacktrace]
#0 /home/tuvi/domains/tuvi.tuvanweb.com/public_html/vendor/barryvdh/laravel-dompdf/src/PDF.php(155): Barryvdh\\DomPDF\\PDF->render()
#1 /home/tuvi/domains/tuvi.tuvanweb.com/public_html/vendor/barryvdh/laravel-dompdf/src/PDF.php(167): Barryvdh\\DomPDF\\PDF->output()
#2 /home/tuvi/domains/tuvi.tuvanweb.com/public_html/app/Http/Controllers/Admin/DailyController.php(401): Barryvdh\\DomPDF\\PDF->save()
#3 [internal function]: App\\Http\\Controllers\\Admin\\DailyController->store()
#4 /home/tuvi/domains/tuvi.tuvanweb.com/public_html/vendor/laravel/framework/src/Illuminate/Routing/Controller.php(54): call_user_func_array()
#5 /home/tuvi/domains/tuvi.tuvanweb.com/public_html/vendor/laravel/framework/src/Illuminate/Routing/ControllerDispatcher.php(45): Illuminate\\Routing\\Controller->callAction()
#6 /home/tuvi/domains/tuvi.tuvanweb.com/public_html/vendor/laravel/framework/src/Illuminate/Routing/Route.php(219): Illuminate\\Routing\\ControllerDispatcher->dispatch()
#7 /home/tuvi/domains/tuvi.tuvanweb.com/public_html/vendor/laravel/framework/src/Illuminate/Routing/Route.php(176): Illuminate\\Routing\\Route->runController()
#8 /home/tuvi/domains/tuvi.tuvanweb.com/public_html/vendor/laravel/framework/src/Illuminate/Routing/Router.php(680): Illuminate\\Routing\\Route->run()
#9 /home/tuvi/domains/tuvi.tuvanweb.com/public_html/vendor/laravel/framework/src/Illuminate/Routing/Pipeline.php(30): Illuminate\\Routing\\Router->Illuminate\\Routing\\{closure}()
#10 /home/tuvi/domains/tuvi.tuvanweb.com/public_html/vendor/laravel/framework/src/Illuminate/Routing/Middleware/SubstituteBindings.php(41): Illuminate\\Routing\\Pipeline->Illuminate\\Routing\\{closure}()
#11 /home/tuvi/domains/tuvi.tuvanweb.com/public_html/vendor/laravel/framework/src/Illuminate/Pipeline/Pipeline.php(163): Illuminate\\Routing\\Middleware\\SubstituteBindings->handle()
#12 /home/tuvi/domains/tuvi.tuvanweb.com/public_html/vendor/laravel/framework/src/Illuminate/Routing/Pipeline.php(53): Illuminate\\Pipeline\\Pipeline->Illuminate\\Pipeline\\{closure}()
#13 /home/tuvi/domains/tuvi.tuvanweb.com/public_html/vendor/laravel/framework/src/Illuminate/Auth/Middleware/Authenticate.php(43): Illuminate\\Routing\\Pipeline->Illuminate\\Routing\\{closure}()
#14 /home/tuvi/domains/tuvi.tuvanweb.com/public_html/vendor/laravel/framework/src/Illuminate/Pipeline/Pipeline.php(163): Illuminate\\Auth\\Middleware\\Authenticate->handle()
#15 /home/tuvi/domains/tuvi.tuvanweb.com/public_html/vendor/laravel/framework/src/Illuminate/Routing/Pipeline.php(53): Illuminate\\Pipeline\\Pipeline->Illuminate\\Pipeline\\{closure}()
#16 /home/tuvi/domains/tuvi.tuvanweb.com/public_html/vendor/laravel/framework/src/Illuminate/Foundation/Http/Middleware/VerifyCsrfToken.php(75): Illuminate\\Routing\\Pipeline->Illuminate\\Routing\\{closure}()
#17 /home/tuvi/domains/tuvi.tuvanweb.com/public_html/vendor/laravel/framework/src/Illuminate/Pipeline/Pipeline.php(163): Illuminate\\Foundation\\Http\\Middleware\\VerifyCsrfToken->handle()
#18 /home/tuvi/domains/tuvi.tuvanweb.com/public_html/vendor/laravel/framework/src/Illuminate/Routing/Pipeline.php(53): Illuminate\\Pipeline\\Pipeline->Illuminate\\Pipeline\\{closure}()
#19 /home/tuvi/domains/tuvi.tuvanweb.com/public_html/vendor/laravel/framework/src/Illuminate/View/Middleware/ShareErrorsFromSession.php(49): Illuminate\\Routing\\Pipeline->Illuminate\\Routing\\{closure}()
#20 /home/tuvi/domains/tuvi.tuvanweb.com/public_html/vendor/laravel/framework/src/Illuminate/Pipeline/Pipeline.php(163): Illuminate\\View\\Middleware\\ShareErrorsFromSession->handle()
#21 /home/tuvi/domains/tuvi.tuvanweb.com/public_html/vendor/laravel/framework/src/Illuminate/Routing/Pipeline.php(53): Illuminate\\Pipeline\\Pipeline->Illuminate\\Pipeline\\{closure}()
#22 /home/tuvi/domains/tuvi.tuvanweb.com/public_html/vendor/laravel/framework/src/Illuminate/Session/Middleware/StartSession.php(56): Illuminate\\Routing\\Pipeline->Illuminate\\Routing\\{closure}()
#23 /home/tuvi/domains/tuvi.tuvanweb.com/public_html/vendor/laravel/framework/src/Illuminate/Pipeline/Pipeline.php(163): Illuminate\\Session\\Middleware\\StartSession->handle()
#24 /home/tuvi/domains/tuvi.tuvanweb.com/public_html/vendor/laravel/framework/src/Illuminate/Routing/Pipeline.php(53): Illuminate\\Pipeline\\Pipeline->Illuminate\\Pipeline\\{closure}()
#25 /home/tuvi/domains/tuvi.tuvanweb.com/public_html/vendor/laravel/framework/src/Illuminate/Cookie/Middleware/AddQueuedCookiesToResponse.php(37): Illuminate\\Routing\\Pipeline->Illuminate\\Routing\\{closure}()
#26 /home/tuvi/domains/tuvi.tuvanweb.com/public_html/vendor/laravel/framework/src/Illuminate/Pipeline/Pipeline.php(163): Illuminate\\Cookie\\Middleware\\AddQueuedCookiesToResponse->handle()
#27 /home/tuvi/domains/tuvi.tuvanweb.com/public_html/vendor/laravel/framework/src/Illuminate/Routing/Pipeline.php(53): Illuminate\\Pipeline\\Pipeline->Illuminate\\Pipeline\\{closure}()
#28 /home/tuvi/domains/tuvi.tuvanweb.com/public_html/vendor/laravel/framework/src/Illuminate/Cookie/Middleware/EncryptCookies.php(66): Illuminate\\Routing\\Pipeline->Illuminate\\Routing\\{closure}()
#29 /home/tuvi/domains/tuvi.tuvanweb.com/public_html/vendor/laravel/framework/src/Illuminate/Pipeline/Pipeline.php(163): Illuminate\\Cookie\\Middleware\\EncryptCookies->handle()
#30 /home/tuvi/domains/tuvi.tuvanweb.com/public_html/vendor/laravel/framework/src/Illuminate/Routing/Pipeline.php(53): Illuminate\\Pipeline\\Pipeline->Illuminate\\Pipeline\\{closure}()
#31 /home/tuvi/domains/tuvi.tuvanweb.com/public_html/vendor/laravel/framework/src/Illuminate/Pipeline/Pipeline.php(104): Illuminate\\Routing\\Pipeline->Illuminate\\Routing\\{closure}()
#32 /home/tuvi/domains/tuvi.tuvanweb.com/public_html/vendor/laravel/framework/src/Illuminate/Routing/Router.php(682): Illuminate\\Pipeline\\Pipeline->then()
#33 /home/tuvi/domains/tuvi.tuvanweb.com/public_html/vendor/laravel/framework/src/Illuminate/Routing/Router.php(657): Illuminate\\Routing\\Router->runRouteWithinStack()
#34 /home/tuvi/domains/tuvi.tuvanweb.com/public_html/vendor/laravel/framework/src/Illuminate/Routing/Router.php(623): Illuminate\\Routing\\Router->runRoute()
#35 /home/tuvi/domains/tuvi.tuvanweb.com/public_html/vendor/laravel/framework/src/Illuminate/Routing/Router.php(612): Illuminate\\Routing\\Router->dispatchToRoute()
#36 /home/tuvi/domains/tuvi.tuvanweb.com/public_html/vendor/laravel/framework/src/Illuminate/Foundation/Http/Kernel.php(176): Illuminate\\Routing\\Router->dispatch()
#37 /home/tuvi/domains/tuvi.tuvanweb.com/public_html/vendor/laravel/framework/src/Illuminate/Routing/Pipeline.php(30): Illuminate\\Foundation\\Http\\Kernel->Illuminate\\Foundation\\Http\\{closure}()
#38 /home/tuvi/domains/tuvi.tuvanweb.com/public_html/vendor/proengsoft/laravel-jsvalidation/src/RemoteValidationMiddleware.php(53): Illuminate\\Routing\\Pipeline->Illuminate\\Routing\\{closure}()
#39 /home/tuvi/domains/tuvi.tuvanweb.com/public_html/vendor/laravel/framework/src/Illuminate/Pipeline/Pipeline.php(163): Proengsoft\\JsValidation\\RemoteValidationMiddleware->handle()
#40 /home/tuvi/domains/tuvi.tuvanweb.com/public_html/vendor/laravel/framework/src/Illuminate/Routing/Pipeline.php(53): Illuminate\\Pipeline\\Pipeline->Illuminate\\Pipeline\\{closure}()
#41 /home/tuvi/domains/tuvi.tuvanweb.com/public_html/vendor/laravel/framework/src/Illuminate/Foundation/Http/Middleware/TransformsRequest.php(21): Illuminate\\Routing\\Pipeline->Illuminate\\Routing\\{closure}()
#42 /home/tuvi/domains/tuvi.tuvanweb.com/public_html/vendor/laravel/framework/src/Illuminate/Pipeline/Pipeline.php(163): Illuminate\\Foundation\\Http\\Middleware\\TransformsRequest->handle()
#43 /home/tuvi/domains/tuvi.tuvanweb.com/public_html/vendor/laravel/framework/src/Illuminate/Routing/Pipeline.php(53): Illuminate\\Pipeline\\Pipeline->Illuminate\\Pipeline\\{closure}()
#44 /home/tuvi/domains/tuvi.tuvanweb.com/public_html/vendor/laravel/framework/src/Illuminate/Foundation/Http/Middleware/TransformsRequest.php(21): Illuminate\\Routing\\Pipeline->Illuminate\\Routing\\{closure}()
#45 /home/tuvi/domains/tuvi.tuvanweb.com/public_html/vendor/laravel/framework/src/Illuminate/Pipeline/Pipeline.php(163): Illuminate\\Foundation\\Http\\Middleware\\TransformsRequest->handle()
#46 /home/tuvi/domains/tuvi.tuvanweb.com/public_html/vendor/laravel/framework/src/Illuminate/Routing/Pipeline.php(53): Illuminate\\Pipeline\\Pipeline->Illuminate\\Pipeline\\{closure}()
#47 /home/tuvi/domains/tuvi.tuvanweb.com/public_html/vendor/laravel/framework/src/Illuminate/Foundation/Http/Middleware/ValidatePostSize.php(27): Illuminate\\Routing\\Pipeline->Illuminate\\Routing\\{closure}()
#48 /home/tuvi/domains/tuvi.tuvanweb.com/public_html/vendor/laravel/framework/src/Illuminate/Pipeline/Pipeline.php(163): Illuminate\\Foundation\\Http\\Middleware\\ValidatePostSize->handle()
#49 /home/tuvi/domains/tuvi.tuvanweb.com/public_html/vendor/laravel/framework/src/Illuminate/Routing/Pipeline.php(53): Illuminate\\Pipeline\\Pipeline->Illuminate\\Pipeline\\{closure}()
#50 /home/tuvi/domains/tuvi.tuvanweb.com/public_html/vendor/laravel/framework/src/Illuminate/Foundation/Http/Middleware/CheckForMaintenanceMode.php(62): Illuminate\\Routing\\Pipeline->Illuminate\\Routing\\{closure}()
#51 /home/tuvi/domains/tuvi.tuvanweb.com/public_html/vendor/laravel/framework/src/Illuminate/Pipeline/Pipeline.php(163): Illuminate\\Foundation\\Http\\Middleware\\CheckForMaintenanceMode->handle()
#52 /home/tuvi/domains/tuvi.tuvanweb.com/public_html/vendor/laravel/framework/src/Illuminate/Routing/Pipeline.php(53): Illuminate\\Pipeline\\Pipeline->Illuminate\\Pipeline\\{closure}()
#53 /home/tuvi/domains/tuvi.tuvanweb.com/public_html/vendor/fideloper/proxy/src/TrustProxies.php(57): Illuminate\\Routing\\Pipeline->Illuminate\\Routing\\{closure}()
#54 /home/tuvi/domains/tuvi.tuvanweb.com/public_html/vendor/laravel/framework/src/Illuminate/Pipeline/Pipeline.php(163): Fideloper\\Proxy\\TrustProxies->handle()
#55 /home/tuvi/domains/tuvi.tuvanweb.com/public_html/vendor/laravel/framework/src/Illuminate/Routing/Pipeline.php(53): Illuminate\\Pipeline\\Pipeline->Illuminate\\Pipeline\\{closure}()
#56 /home/tuvi/domains/tuvi.tuvanweb.com/public_html/vendor/laravel/framework/src/Illuminate/Pipeline/Pipeline.php(104): Illuminate\\Routing\\Pipeline->Illuminate\\Routing\\{closure}()
#57 /home/tuvi/domains/tuvi.tuvanweb.com/public_html/vendor/laravel/framework/src/Illuminate/Foundation/Http/Kernel.php(151): Illuminate\\Pipeline\\Pipeline->then()
#58 /home/tuvi/domains/tuvi.tuvanweb.com/public_html/vendor/laravel/framework/src/Illuminate/Foundation/Http/Kernel.php(116): Illuminate\\Foundation\\Http\\Kernel->sendRequestThroughRouter()
#59 /home/tuvi/domains/tuvi.tuvanweb.com/public_html/public/index.php(55): Illuminate\\Foundation\\Http\\Kernel->handle()
#60 /home/tuvi/domains/tuvi.tuvanweb.com/public_html/index.php(21): require_once('/home/tuvi/doma...')
#61 {main}
"} 
