[2022-12-21 15:11:11] local.ERROR: syntax error, unexpected ';', expecting ')' {"exception":"[object] (Symfony\\Component\\Debug\\Exception\\FatalThrowableError(code: 0): syntax error, unexpected ';', expecting ')' at /home/tuvi/domains/tuvi.tuvanweb.com/public_html/app/Function/function.php:631)
[stacktrace]
#0 [internal function]: App\\Providers\\AppServiceProvider->boot()
#1 /home/tuvi/domains/tuvi.tuvanweb.com/public_html/vendor/laravel/framework/src/Illuminate/Container/BoundMethod.php(32): call_user_func_array()
#2 /home/tuvi/domains/tuvi.tuvanweb.com/public_html/vendor/laravel/framework/src/Illuminate/Container/BoundMethod.php(90): Illuminate\\Container\\BoundMethod::Illuminate\\Container\\{closure}()
#3 /home/tuvi/domains/tuvi.tuvanweb.com/public_html/vendor/laravel/framework/src/Illuminate/Container/BoundMethod.php(34): Illuminate\\Container\\BoundMethod::callBoundMethod()
#4 /home/tuvi/domains/tuvi.tuvanweb.com/public_html/vendor/laravel/framework/src/Illuminate/Container/Container.php(576): Illuminate\\Container\\BoundMethod::call()
#5 /home/tuvi/domains/tuvi.tuvanweb.com/public_html/vendor/laravel/framework/src/Illuminate/Foundation/Application.php(827): Illuminate\\Container\\Container->call()
#6 /home/tuvi/domains/tuvi.tuvanweb.com/public_html/vendor/laravel/framework/src/Illuminate/Foundation/Application.php(810): Illuminate\\Foundation\\Application->bootProvider()
#7 [internal function]: Illuminate\\Foundation\\Application->Illuminate\\Foundation\\{closure}()
#8 /home/tuvi/domains/tuvi.tuvanweb.com/public_html/vendor/laravel/framework/src/Illuminate/Foundation/Application.php(811): array_walk()
#9 /home/tuvi/domains/tuvi.tuvanweb.com/public_html/vendor/laravel/framework/src/Illuminate/Foundation/Bootstrap/BootProviders.php(17): Illuminate\\Foundation\\Application->boot()
#10 /home/tuvi/domains/tuvi.tuvanweb.com/public_html/vendor/laravel/framework/src/Illuminate/Foundation/Application.php(210): Illuminate\\Foundation\\Bootstrap\\BootProviders->bootstrap()
#11 /home/tuvi/domains/tuvi.tuvanweb.com/public_html/vendor/laravel/framework/src/Illuminate/Foundation/Http/Kernel.php(162): Illuminate\\Foundation\\Application->bootstrapWith()
#12 /home/tuvi/domains/tuvi.tuvanweb.com/public_html/vendor/laravel/framework/src/Illuminate/Foundation/Http/Kernel.php(146): Illuminate\\Foundation\\Http\\Kernel->bootstrap()
#13 /home/tuvi/domains/tuvi.tuvanweb.com/public_html/vendor/laravel/framework/src/Illuminate/Foundation/Http/Kernel.php(116): Illuminate\\Foundation\\Http\\Kernel->sendRequestThroughRouter()
#14 /home/tuvi/domains/tuvi.tuvanweb.com/public_html/public/index.php(55): Illuminate\\Foundation\\Http\\Kernel->handle()
#15 /home/tuvi/domains/tuvi.tuvanweb.com/public_html/index.php(21): require_once('/home/tuvi/doma...')
#16 {main}
"} 
[2022-12-21 15:11:12] local.ERROR: syntax error, unexpected ';', expecting ')' {"exception":"[object] (Symfony\\Component\\Debug\\Exception\\FatalThrowableError(code: 0): syntax error, unexpected ';', expecting ')' at /home/tuvi/domains/tuvi.tuvanweb.com/public_html/app/Function/function.php:631)
[stacktrace]
#0 [internal function]: App\\Providers\\AppServiceProvider->boot()
#1 /home/tuvi/domains/tuvi.tuvanweb.com/public_html/vendor/laravel/framework/src/Illuminate/Container/BoundMethod.php(32): call_user_func_array()
#2 /home/tuvi/domains/tuvi.tuvanweb.com/public_html/vendor/laravel/framework/src/Illuminate/Container/BoundMethod.php(90): Illuminate\\Container\\BoundMethod::Illuminate\\Container\\{closure}()
#3 /home/tuvi/domains/tuvi.tuvanweb.com/public_html/vendor/laravel/framework/src/Illuminate/Container/BoundMethod.php(34): Illuminate\\Container\\BoundMethod::callBoundMethod()
#4 /home/tuvi/domains/tuvi.tuvanweb.com/public_html/vendor/laravel/framework/src/Illuminate/Container/Container.php(576): Illuminate\\Container\\BoundMethod::call()
#5 /home/tuvi/domains/tuvi.tuvanweb.com/public_html/vendor/laravel/framework/src/Illuminate/Foundation/Application.php(827): Illuminate\\Container\\Container->call()
#6 /home/tuvi/domains/tuvi.tuvanweb.com/public_html/vendor/laravel/framework/src/Illuminate/Foundation/Application.php(810): Illuminate\\Foundation\\Application->bootProvider()
#7 [internal function]: Illuminate\\Foundation\\Application->Illuminate\\Foundation\\{closure}()
#8 /home/tuvi/domains/tuvi.tuvanweb.com/public_html/vendor/laravel/framework/src/Illuminate/Foundation/Application.php(811): array_walk()
#9 /home/tuvi/domains/tuvi.tuvanweb.com/public_html/vendor/laravel/framework/src/Illuminate/Foundation/Bootstrap/BootProviders.php(17): Illuminate\\Foundation\\Application->boot()
#10 /home/tuvi/domains/tuvi.tuvanweb.com/public_html/vendor/laravel/framework/src/Illuminate/Foundation/Application.php(210): Illuminate\\Foundation\\Bootstrap\\BootProviders->bootstrap()
#11 /home/tuvi/domains/tuvi.tuvanweb.com/public_html/vendor/laravel/framework/src/Illuminate/Foundation/Http/Kernel.php(162): Illuminate\\Foundation\\Application->bootstrapWith()
#12 /home/tuvi/domains/tuvi.tuvanweb.com/public_html/vendor/laravel/framework/src/Illuminate/Foundation/Http/Kernel.php(146): Illuminate\\Foundation\\Http\\Kernel->bootstrap()
#13 /home/tuvi/domains/tuvi.tuvanweb.com/public_html/vendor/laravel/framework/src/Illuminate/Foundation/Http/Kernel.php(116): Illuminate\\Foundation\\Http\\Kernel->sendRequestThroughRouter()
#14 /home/tuvi/domains/tuvi.tuvanweb.com/public_html/public/index.php(55): Illuminate\\Foundation\\Http\\Kernel->handle()
#15 /home/tuvi/domains/tuvi.tuvanweb.com/public_html/index.php(21): require_once('/home/tuvi/doma...')
#16 {main}
"} 
